::1 - - [28/Apr/2022:01:50:23 +0000] "GET /app/flip/coins HTTP/1.1" 404 13 "http://localhost:5000/" "Mozilla/5.0 (Windows NT 10.0; Win64; x64) AppleWebKit/537.36 (KHTML, like Gecko) Chrome/100.0.4896.127 Safari/537.36"
::1 - - [28/Apr/2022:01:50:24 +0000] "GET /app/flip/coins HTTP/1.1" 404 13 "http://localhost:5000/?number=2" "Mozilla/5.0 (Windows NT 10.0; Win64; x64) AppleWebKit/537.36 (KHTML, like Gecko) Chrome/100.0.4896.127 Safari/537.36"
::1 - - [28/Apr/2022:01:50:27 +0000] "GET /app/flip/coins HTTP/1.1" 404 13 "http://localhost:5000/?number=" "Mozilla/5.0 (Windows NT 10.0; Win64; x64) AppleWebKit/537.36 (KHTML, like Gecko) Chrome/100.0.4896.127 Safari/537.36"
::1 - - [28/Apr/2022:01:50:37 +0000] "GET /app/flip/coins HTTP/1.1" 404 13 "http://localhost:5000/?number=2" "Mozilla/5.0 (Windows NT 10.0; Win64; x64) AppleWebKit/537.36 (KHTML, like Gecko) Chrome/100.0.4896.127 Safari/537.36"
::1 - - [28/Apr/2022:01:50:39 +0000] "GET /app/flip/coins HTTP/1.1" 404 13 "http://localhost:5000/?number=2" "Mozilla/5.0 (Windows NT 10.0; Win64; x64) AppleWebKit/537.36 (KHTML, like Gecko) Chrome/100.0.4896.127 Safari/537.36"
::1 - - [28/Apr/2022:01:50:41 +0000] "GET /app/flip/coins HTTP/1.1" 404 13 "http://localhost:5000/?number=3" "Mozilla/5.0 (Windows NT 10.0; Win64; x64) AppleWebKit/537.36 (KHTML, like Gecko) Chrome/100.0.4896.127 Safari/537.36"
::1 - - [28/Apr/2022:01:50:43 +0000] "GET /app/flip/coins HTTP/1.1" 404 13 "http://localhost:5000/?number=4" "Mozilla/5.0 (Windows NT 10.0; Win64; x64) AppleWebKit/537.36 (KHTML, like Gecko) Chrome/100.0.4896.127 Safari/537.36"
::1 - - [28/Apr/2022:01:50:49 +0000] "GET /app/flip/coins HTTP/1.1" 404 13 "http://localhost:5000/?number=5" "Mozilla/5.0 (Windows NT 10.0; Win64; x64) AppleWebKit/537.36 (KHTML, like Gecko) Chrome/100.0.4896.127 Safari/537.36"
::1 - - [28/Apr/2022:01:51:11 +0000] "GET /app/flip/coins HTTP/1.1" 404 13 "http://localhost:5000/?number=5" "Mozilla/5.0 (Windows NT 10.0; Win64; x64) AppleWebKit/537.36 (KHTML, like Gecko) Chrome/100.0.4896.127 Safari/537.36"
::1 - - [28/Apr/2022:01:53:27 +0000] "GET /app/flip/coins HTTP/1.1" 404 13 "http://localhost:5000/" "Mozilla/5.0 (Windows NT 10.0; Win64; x64) AppleWebKit/537.36 (KHTML, like Gecko) Chrome/100.0.4896.127 Safari/537.36 Edg/100.0.1185.50"
::1 - - [28/Apr/2022:01:53:29 +0000] "GET /app/flip/coins HTTP/1.1" 404 13 "http://localhost:5000/?number=3" "Mozilla/5.0 (Windows NT 10.0; Win64; x64) AppleWebKit/537.36 (KHTML, like Gecko) Chrome/100.0.4896.127 Safari/537.36 Edg/100.0.1185.50"
::1 - - [28/Apr/2022:01:53:30 +0000] "GET /app/flip/coins HTTP/1.1" 404 13 "http://localhost:5000/?number=" "Mozilla/5.0 (Windows NT 10.0; Win64; x64) AppleWebKit/537.36 (KHTML, like Gecko) Chrome/100.0.4896.127 Safari/537.36 Edg/100.0.1185.50"
::1 - - [28/Apr/2022:01:53:43 +0000] "GET /app/flip/coins HTTP/1.1" 404 13 "http://localhost:5000/?number=3" "Mozilla/5.0 (Windows NT 10.0; Win64; x64) AppleWebKit/537.36 (KHTML, like Gecko) Chrome/100.0.4896.127 Safari/537.36 Edg/100.0.1185.50"
::1 - - [28/Apr/2022:01:53:44 +0000] "GET /app/flip/coins HTTP/1.1" 404 13 "http://localhost:5000/?number=13" "Mozilla/5.0 (Windows NT 10.0; Win64; x64) AppleWebKit/537.36 (KHTML, like Gecko) Chrome/100.0.4896.127 Safari/537.36 Edg/100.0.1185.50"
::1 - - [28/Apr/2022:01:53:46 +0000] "GET /app/flip/coins HTTP/1.1" 404 13 "http://localhost:5000/?number=" "Mozilla/5.0 (Windows NT 10.0; Win64; x64) AppleWebKit/537.36 (KHTML, like Gecko) Chrome/100.0.4896.127 Safari/537.36 Edg/100.0.1185.50"
::1 - - [28/Apr/2022:01:53:46 +0000] "GET /app/flip/coins HTTP/1.1" 404 13 "http://localhost:5000/?number=" "Mozilla/5.0 (Windows NT 10.0; Win64; x64) AppleWebKit/537.36 (KHTML, like Gecko) Chrome/100.0.4896.127 Safari/537.36 Edg/100.0.1185.50"
::1 - - [28/Apr/2022:01:53:47 +0000] "GET /app/flip/coins HTTP/1.1" 404 13 "http://localhost:5000/?number=" "Mozilla/5.0 (Windows NT 10.0; Win64; x64) AppleWebKit/537.36 (KHTML, like Gecko) Chrome/100.0.4896.127 Safari/537.36 Edg/100.0.1185.50"
::1 - - [28/Apr/2022:01:53:47 +0000] "GET /app/flip/coins HTTP/1.1" 404 13 "http://localhost:5000/?number=" "Mozilla/5.0 (Windows NT 10.0; Win64; x64) AppleWebKit/537.36 (KHTML, like Gecko) Chrome/100.0.4896.127 Safari/537.36 Edg/100.0.1185.50"
::1 - - [28/Apr/2022:01:53:47 +0000] "GET /app/flip/coins HTTP/1.1" 404 13 "http://localhost:5000/?number=" "Mozilla/5.0 (Windows NT 10.0; Win64; x64) AppleWebKit/537.36 (KHTML, like Gecko) Chrome/100.0.4896.127 Safari/537.36 Edg/100.0.1185.50"
::1 - - [28/Apr/2022:01:53:47 +0000] "GET /app/flip/coins HTTP/1.1" 404 13 "http://localhost:5000/?number=" "Mozilla/5.0 (Windows NT 10.0; Win64; x64) AppleWebKit/537.36 (KHTML, like Gecko) Chrome/100.0.4896.127 Safari/537.36 Edg/100.0.1185.50"
::1 - - [28/Apr/2022:01:53:47 +0000] "GET /app/flip/coins HTTP/1.1" 404 13 "http://localhost:5000/?number=" "Mozilla/5.0 (Windows NT 10.0; Win64; x64) AppleWebKit/537.36 (KHTML, like Gecko) Chrome/100.0.4896.127 Safari/537.36 Edg/100.0.1185.50"
::1 - - [28/Apr/2022:01:54:01 +0000] "GET /app/flip/coins HTTP/1.1" 404 13 "http://localhost:5000/?number=" "Mozilla/5.0 (Windows NT 10.0; Win64; x64) AppleWebKit/537.36 (KHTML, like Gecko) Chrome/100.0.4896.127 Safari/537.36 Edg/100.0.1185.50"
::1 - - [28/Apr/2022:01:54:02 +0000] "GET /app/flip/coins HTTP/1.1" 404 13 "http://localhost:5000/?number=4" "Mozilla/5.0 (Windows NT 10.0; Win64; x64) AppleWebKit/537.36 (KHTML, like Gecko) Chrome/100.0.4896.127 Safari/537.36 Edg/100.0.1185.50"
::1 - - [28/Apr/2022:01:54:02 +0000] "GET /app/flip/coins HTTP/1.1" 404 13 "http://localhost:5000/?number=" "Mozilla/5.0 (Windows NT 10.0; Win64; x64) AppleWebKit/537.36 (KHTML, like Gecko) Chrome/100.0.4896.127 Safari/537.36 Edg/100.0.1185.50"
::1 - - [28/Apr/2022:01:54:02 +0000] "GET /app/flip/coins HTTP/1.1" 404 13 "http://localhost:5000/?number=" "Mozilla/5.0 (Windows NT 10.0; Win64; x64) AppleWebKit/537.36 (KHTML, like Gecko) Chrome/100.0.4896.127 Safari/537.36 Edg/100.0.1185.50"
::1 - - [28/Apr/2022:01:54:02 +0000] "GET /app/flip/coins HTTP/1.1" 404 13 "http://localhost:5000/?number=" "Mozilla/5.0 (Windows NT 10.0; Win64; x64) AppleWebKit/537.36 (KHTML, like Gecko) Chrome/100.0.4896.127 Safari/537.36 Edg/100.0.1185.50"
::1 - - [28/Apr/2022:01:54:03 +0000] "GET /app/flip/coins HTTP/1.1" 404 13 "http://localhost:5000/?number=" "Mozilla/5.0 (Windows NT 10.0; Win64; x64) AppleWebKit/537.36 (KHTML, like Gecko) Chrome/100.0.4896.127 Safari/537.36 Edg/100.0.1185.50"
::1 - - [28/Apr/2022:01:54:03 +0000] "GET /app/flip/coins HTTP/1.1" 404 13 "http://localhost:5000/?number=" "Mozilla/5.0 (Windows NT 10.0; Win64; x64) AppleWebKit/537.36 (KHTML, like Gecko) Chrome/100.0.4896.127 Safari/537.36 Edg/100.0.1185.50"
::1 - - [28/Apr/2022:01:54:03 +0000] "GET /app/flip/coins HTTP/1.1" 404 13 "http://localhost:5000/?number=" "Mozilla/5.0 (Windows NT 10.0; Win64; x64) AppleWebKit/537.36 (KHTML, like Gecko) Chrome/100.0.4896.127 Safari/537.36 Edg/100.0.1185.50"
::1 - - [28/Apr/2022:01:56:02 +0000] "GET /app/flip/coins HTTP/1.1" 404 13 "http://localhost:5000/" "Mozilla/5.0 (Windows NT 10.0; Win64; x64) AppleWebKit/537.36 (KHTML, like Gecko) Chrome/100.0.4896.127 Safari/537.36"
::1 - - [28/Apr/2022:01:56:13 +0000] "GET /app/flip/coins HTTP/1.1" 404 13 "http://localhost:5000/?number=4" "Mozilla/5.0 (Windows NT 10.0; Win64; x64) AppleWebKit/537.36 (KHTML, like Gecko) Chrome/100.0.4896.127 Safari/537.36"
::1 - - [28/Apr/2022:02:00:46 +0000] "GET /app/flip/coins HTTP/1.1" 404 13 "http://localhost:5000/" "Mozilla/5.0 (Windows NT 10.0; Win64; x64) AppleWebKit/537.36 (KHTML, like Gecko) Chrome/100.0.4896.127 Safari/537.36"
::1 - - [28/Apr/2022:02:00:49 +0000] "GET /app/flip/coins HTTP/1.1" 404 13 "http://localhost:5000/?number=1" "Mozilla/5.0 (Windows NT 10.0; Win64; x64) AppleWebKit/537.36 (KHTML, like Gecko) Chrome/100.0.4896.127 Safari/537.36"
::1 - - [28/Apr/2022:02:02:05 +0000] "GET /app/flip/coins HTTP/1.1" 404 13 "http://localhost:5000/?number=1" "Mozilla/5.0 (Windows NT 10.0; Win64; x64) AppleWebKit/537.36 (KHTML, like Gecko) Chrome/100.0.4896.127 Safari/537.36"
::1 - - [28/Apr/2022:02:02:08 +0000] "GET /app/flip/coins HTTP/1.1" 404 13 "http://localhost:5000/?number=4" "Mozilla/5.0 (Windows NT 10.0; Win64; x64) AppleWebKit/537.36 (KHTML, like Gecko) Chrome/100.0.4896.127 Safari/537.36"
::1 - - [28/Apr/2022:02:02:54 +0000] "GET /app/flip/coins HTTP/1.1" 404 13 "http://localhost:5000/?number=66666" "Mozilla/5.0 (Windows NT 10.0; Win64; x64) AppleWebKit/537.36 (KHTML, like Gecko) Chrome/100.0.4896.127 Safari/537.36"
::1 - - [28/Apr/2022:02:02:58 +0000] "GET /app/flip/coins HTTP/1.1" 404 13 "http://localhost:5000/?number=5" "Mozilla/5.0 (Windows NT 10.0; Win64; x64) AppleWebKit/537.36 (KHTML, like Gecko) Chrome/100.0.4896.127 Safari/537.36"
::1 - - [28/Apr/2022:02:03:05 +0000] "GET /app/flip/coins HTTP/1.1" 404 13 "http://localhost:5000/?number=56" "Mozilla/5.0 (Windows NT 10.0; Win64; x64) AppleWebKit/537.36 (KHTML, like Gecko) Chrome/100.0.4896.127 Safari/537.36"
::1 - - [28/Apr/2022:02:03:19 +0000] "GET /app/flip/coins HTTP/1.1" 404 13 "http://localhost:5000/" "Mozilla/5.0 (Windows NT 10.0; Win64; x64) AppleWebKit/537.36 (KHTML, like Gecko) Chrome/100.0.4896.127 Safari/537.36"
::1 - - [28/Apr/2022:02:03:28 +0000] "GET /app/flip/coins HTTP/1.1" 404 13 "http://localhost:5000/?number=45" "Mozilla/5.0 (Windows NT 10.0; Win64; x64) AppleWebKit/537.36 (KHTML, like Gecko) Chrome/100.0.4896.127 Safari/537.36"
::1 - - [28/Apr/2022:02:03:50 +0000] "GET /app/flip/coins HTTP/1.1" 404 13 "http://localhost:5000/?number=45" "Mozilla/5.0 (Windows NT 10.0; Win64; x64) AppleWebKit/537.36 (KHTML, like Gecko) Chrome/100.0.4896.127 Safari/537.36"
::1 - - [28/Apr/2022:02:03:54 +0000] "GET /app/flip/coins HTTP/1.1" 404 13 "http://localhost:5000/?number=45" "Mozilla/5.0 (Windows NT 10.0; Win64; x64) AppleWebKit/537.36 (KHTML, like Gecko) Chrome/100.0.4896.127 Safari/537.36"
::1 - - [28/Apr/2022:02:03:54 +0000] "GET /app/flip/coins HTTP/1.1" 404 13 "http://localhost:5000/?number=45" "Mozilla/5.0 (Windows NT 10.0; Win64; x64) AppleWebKit/537.36 (KHTML, like Gecko) Chrome/100.0.4896.127 Safari/537.36"
::1 - - [28/Apr/2022:02:03:55 +0000] "GET /app/flip/coins HTTP/1.1" 404 13 "http://localhost:5000/?number=" "Mozilla/5.0 (Windows NT 10.0; Win64; x64) AppleWebKit/537.36 (KHTML, like Gecko) Chrome/100.0.4896.127 Safari/537.36"
::1 - - [28/Apr/2022:02:03:55 +0000] "GET /app/flip/coins HTTP/1.1" 404 13 "http://localhost:5000/?number=" "Mozilla/5.0 (Windows NT 10.0; Win64; x64) AppleWebKit/537.36 (KHTML, like Gecko) Chrome/100.0.4896.127 Safari/537.36"
::1 - - [28/Apr/2022:02:03:55 +0000] "GET /app/flip/coins HTTP/1.1" 404 13 "http://localhost:5000/?number=" "Mozilla/5.0 (Windows NT 10.0; Win64; x64) AppleWebKit/537.36 (KHTML, like Gecko) Chrome/100.0.4896.127 Safari/537.36"
::1 - - [28/Apr/2022:02:03:56 +0000] "GET /app/flip/coins HTTP/1.1" 404 13 "http://localhost:5000/?number=" "Mozilla/5.0 (Windows NT 10.0; Win64; x64) AppleWebKit/537.36 (KHTML, like Gecko) Chrome/100.0.4896.127 Safari/537.36"
::1 - - [28/Apr/2022:02:03:56 +0000] "GET /app/flip/coins HTTP/1.1" 404 13 "http://localhost:5000/?number=" "Mozilla/5.0 (Windows NT 10.0; Win64; x64) AppleWebKit/537.36 (KHTML, like Gecko) Chrome/100.0.4896.127 Safari/537.36"
::1 - - [28/Apr/2022:02:03:57 +0000] "GET /app/flip/coins HTTP/1.1" 404 13 "http://localhost:5000/?number=" "Mozilla/5.0 (Windows NT 10.0; Win64; x64) AppleWebKit/537.36 (KHTML, like Gecko) Chrome/100.0.4896.127 Safari/537.36"
::1 - - [28/Apr/2022:02:03:58 +0000] "GET /app/flip/coins HTTP/1.1" 404 13 "http://localhost:5000/?number=" "Mozilla/5.0 (Windows NT 10.0; Win64; x64) AppleWebKit/537.36 (KHTML, like Gecko) Chrome/100.0.4896.127 Safari/537.36"
::1 - - [28/Apr/2022:02:03:59 +0000] "GET /app/flip/coins HTTP/1.1" 404 13 "http://localhost:5000/?number=" "Mozilla/5.0 (Windows NT 10.0; Win64; x64) AppleWebKit/537.36 (KHTML, like Gecko) Chrome/100.0.4896.127 Safari/537.36"
::1 - - [28/Apr/2022:02:04:04 +0000] "GET /app/flip/coins HTTP/1.1" 404 13 "http://localhost:5000/?number=" "Mozilla/5.0 (Windows NT 10.0; Win64; x64) AppleWebKit/537.36 (KHTML, like Gecko) Chrome/100.0.4896.127 Safari/537.36"
::1 - - [28/Apr/2022:02:04:05 +0000] "GET /app/flip/coins HTTP/1.1" 404 13 "http://localhost:5000/?number=555" "Mozilla/5.0 (Windows NT 10.0; Win64; x64) AppleWebKit/537.36 (KHTML, like Gecko) Chrome/100.0.4896.127 Safari/537.36"
::1 - - [28/Apr/2022:02:04:05 +0000] "GET /app/flip/coins HTTP/1.1" 404 13 "http://localhost:5000/?number=" "Mozilla/5.0 (Windows NT 10.0; Win64; x64) AppleWebKit/537.36 (KHTML, like Gecko) Chrome/100.0.4896.127 Safari/537.36"
::1 - - [28/Apr/2022:02:04:06 +0000] "GET /app/flip/coins HTTP/1.1" 404 13 "http://localhost:5000/?number=" "Mozilla/5.0 (Windows NT 10.0; Win64; x64) AppleWebKit/537.36 (KHTML, like Gecko) Chrome/100.0.4896.127 Safari/537.36"
::1 - - [28/Apr/2022:02:04:07 +0000] "GET /app/flip/coins HTTP/1.1" 404 13 "http://localhost:5000/?number=" "Mozilla/5.0 (Windows NT 10.0; Win64; x64) AppleWebKit/537.36 (KHTML, like Gecko) Chrome/100.0.4896.127 Safari/537.36"
::1 - - [28/Apr/2022:02:04:07 +0000] "GET /app/flip/coins HTTP/1.1" 404 13 "http://localhost:5000/?number=" "Mozilla/5.0 (Windows NT 10.0; Win64; x64) AppleWebKit/537.36 (KHTML, like Gecko) Chrome/100.0.4896.127 Safari/537.36"
::1 - - [28/Apr/2022:02:04:10 +0000] "GET /app/flip/coins HTTP/1.1" 404 13 "http://localhost:5000/?number=" "Mozilla/5.0 (Windows NT 10.0; Win64; x64) AppleWebKit/537.36 (KHTML, like Gecko) Chrome/100.0.4896.127 Safari/537.36"
::1 - - [28/Apr/2022:02:04:10 +0000] "GET /app/flip/coins HTTP/1.1" 404 13 "http://localhost:5000/?number=" "Mozilla/5.0 (Windows NT 10.0; Win64; x64) AppleWebKit/537.36 (KHTML, like Gecko) Chrome/100.0.4896.127 Safari/537.36"
::1 - - [28/Apr/2022:02:04:10 +0000] "GET /app/flip/coins HTTP/1.1" 404 13 "http://localhost:5000/?number=" "Mozilla/5.0 (Windows NT 10.0; Win64; x64) AppleWebKit/537.36 (KHTML, like Gecko) Chrome/100.0.4896.127 Safari/537.36"
::1 - - [28/Apr/2022:02:04:11 +0000] "GET /app/flip/coins HTTP/1.1" 404 13 "http://localhost:5000/?number=" "Mozilla/5.0 (Windows NT 10.0; Win64; x64) AppleWebKit/537.36 (KHTML, like Gecko) Chrome/100.0.4896.127 Safari/537.36"
::1 - - [28/Apr/2022:02:04:11 +0000] "GET /app/flip/coins HTTP/1.1" 404 13 "http://localhost:5000/?number=" "Mozilla/5.0 (Windows NT 10.0; Win64; x64) AppleWebKit/537.36 (KHTML, like Gecko) Chrome/100.0.4896.127 Safari/537.36"
::1 - - [28/Apr/2022:02:06:52 +0000] "GET /app/flip/coins HTTP/1.1" 404 13 "http://localhost:5000/" "Mozilla/5.0 (Windows NT 10.0; Win64; x64) AppleWebKit/537.36 (KHTML, like Gecko) Chrome/100.0.4896.127 Safari/537.36"
::1 - - [28/Apr/2022:02:08:44 +0000] "GET /app/flip/coins HTTP/1.1" 404 13 "http://localhost:5000/?number=5" "Mozilla/5.0 (Windows NT 10.0; Win64; x64) AppleWebKit/537.36 (KHTML, like Gecko) Chrome/100.0.4896.127 Safari/537.36"
::1 - - [28/Apr/2022:02:12:47 +0000] "GET /app/flip/ HTTP/1.1" 200 16 "http://localhost:5000/?number=2" "Mozilla/5.0 (Windows NT 10.0; Win64; x64) AppleWebKit/537.36 (KHTML, like Gecko) Chrome/100.0.4896.127 Safari/537.36"
::1 - - [28/Apr/2022:02:12:48 +0000] "GET /app/flip/ HTTP/1.1" 200 16 "http://localhost:5000/?number=2" "Mozilla/5.0 (Windows NT 10.0; Win64; x64) AppleWebKit/537.36 (KHTML, like Gecko) Chrome/100.0.4896.127 Safari/537.36"
::1 - - [28/Apr/2022:02:12:49 +0000] "GET /app/flip/ HTTP/1.1" 200 16 "http://localhost:5000/?number=2" "Mozilla/5.0 (Windows NT 10.0; Win64; x64) AppleWebKit/537.36 (KHTML, like Gecko) Chrome/100.0.4896.127 Safari/537.36"
::1 - - [28/Apr/2022:02:12:49 +0000] "GET /app/flip/ HTTP/1.1" 200 16 "http://localhost:5000/?number=2" "Mozilla/5.0 (Windows NT 10.0; Win64; x64) AppleWebKit/537.36 (KHTML, like Gecko) Chrome/100.0.4896.127 Safari/537.36"
::1 - - [28/Apr/2022:02:12:49 +0000] "GET /app/flip/ HTTP/1.1" 304 - "http://localhost:5000/?number=2" "Mozilla/5.0 (Windows NT 10.0; Win64; x64) AppleWebKit/537.36 (KHTML, like Gecko) Chrome/100.0.4896.127 Safari/537.36"
::1 - - [28/Apr/2022:02:12:49 +0000] "GET /app/flip/ HTTP/1.1" 304 - "http://localhost:5000/?number=2" "Mozilla/5.0 (Windows NT 10.0; Win64; x64) AppleWebKit/537.36 (KHTML, like Gecko) Chrome/100.0.4896.127 Safari/537.36"
::1 - - [28/Apr/2022:02:13:24 +0000] "GET /app/flip/ HTTP/1.1" 304 - "http://localhost:5000/?number=2" "Mozilla/5.0 (Windows NT 10.0; Win64; x64) AppleWebKit/537.36 (KHTML, like Gecko) Chrome/100.0.4896.127 Safari/537.36"
::1 - - [28/Apr/2022:02:13:25 +0000] "GET /app/flip/ HTTP/1.1" 200 16 "http://localhost:5000/?number=2" "Mozilla/5.0 (Windows NT 10.0; Win64; x64) AppleWebKit/537.36 (KHTML, like Gecko) Chrome/100.0.4896.127 Safari/537.36"
::1 - - [28/Apr/2022:02:13:25 +0000] "GET /app/flip/ HTTP/1.1" 304 - "http://localhost:5000/?number=2" "Mozilla/5.0 (Windows NT 10.0; Win64; x64) AppleWebKit/537.36 (KHTML, like Gecko) Chrome/100.0.4896.127 Safari/537.36"
::1 - - [28/Apr/2022:02:13:25 +0000] "GET /app/flip/ HTTP/1.1" 304 - "http://localhost:5000/?number=2" "Mozilla/5.0 (Windows NT 10.0; Win64; x64) AppleWebKit/537.36 (KHTML, like Gecko) Chrome/100.0.4896.127 Safari/537.36"
::1 - - [28/Apr/2022:02:13:25 +0000] "GET /app/flip/ HTTP/1.1" 200 16 "http://localhost:5000/?number=2" "Mozilla/5.0 (Windows NT 10.0; Win64; x64) AppleWebKit/537.36 (KHTML, like Gecko) Chrome/100.0.4896.127 Safari/537.36"
::1 - - [28/Apr/2022:02:13:25 +0000] "GET /app/flip/ HTTP/1.1" 304 - "http://localhost:5000/?number=2" "Mozilla/5.0 (Windows NT 10.0; Win64; x64) AppleWebKit/537.36 (KHTML, like Gecko) Chrome/100.0.4896.127 Safari/537.36"
::1 - - [28/Apr/2022:02:15:45 +0000] "GET /app/flip/ HTTP/1.1" 200 16 "http://localhost:5000/?number=2" "Mozilla/5.0 (Windows NT 10.0; Win64; x64) AppleWebKit/537.36 (KHTML, like Gecko) Chrome/100.0.4896.127 Safari/537.36"
::1 - - [28/Apr/2022:02:15:45 +0000] "GET /app/flip/ HTTP/1.1" 200 16 "http://localhost:5000/?number=2" "Mozilla/5.0 (Windows NT 10.0; Win64; x64) AppleWebKit/537.36 (KHTML, like Gecko) Chrome/100.0.4896.127 Safari/537.36"
::1 - - [28/Apr/2022:02:15:45 +0000] "GET /app/flip/ HTTP/1.1" 304 - "http://localhost:5000/?number=2" "Mozilla/5.0 (Windows NT 10.0; Win64; x64) AppleWebKit/537.36 (KHTML, like Gecko) Chrome/100.0.4896.127 Safari/537.36"
::1 - - [28/Apr/2022:02:15:46 +0000] "GET /app/flip/ HTTP/1.1" 200 16 "http://localhost:5000/?number=2" "Mozilla/5.0 (Windows NT 10.0; Win64; x64) AppleWebKit/537.36 (KHTML, like Gecko) Chrome/100.0.4896.127 Safari/537.36"
::1 - - [28/Apr/2022:02:15:46 +0000] "GET /app/flip/ HTTP/1.1" 304 - "http://localhost:5000/?number=2" "Mozilla/5.0 (Windows NT 10.0; Win64; x64) AppleWebKit/537.36 (KHTML, like Gecko) Chrome/100.0.4896.127 Safari/537.36"
::1 - - [28/Apr/2022:02:15:47 +0000] "GET /app/flip/ HTTP/1.1" 304 - "http://localhost:5000/?number=2" "Mozilla/5.0 (Windows NT 10.0; Win64; x64) AppleWebKit/537.36 (KHTML, like Gecko) Chrome/100.0.4896.127 Safari/537.36"
::1 - - [28/Apr/2022:02:15:47 +0000] "GET /app/flip/ HTTP/1.1" 304 - "http://localhost:5000/?number=2" "Mozilla/5.0 (Windows NT 10.0; Win64; x64) AppleWebKit/537.36 (KHTML, like Gecko) Chrome/100.0.4896.127 Safari/537.36"
::1 - - [28/Apr/2022:02:15:47 +0000] "GET /app/flip/ HTTP/1.1" 200 16 "http://localhost:5000/?number=2" "Mozilla/5.0 (Windows NT 10.0; Win64; x64) AppleWebKit/537.36 (KHTML, like Gecko) Chrome/100.0.4896.127 Safari/537.36"
::1 - - [28/Apr/2022:02:15:47 +0000] "GET /app/flip/ HTTP/1.1" 200 16 "http://localhost:5000/?number=2" "Mozilla/5.0 (Windows NT 10.0; Win64; x64) AppleWebKit/537.36 (KHTML, like Gecko) Chrome/100.0.4896.127 Safari/537.36"
::1 - - [28/Apr/2022:02:15:47 +0000] "GET /app/flip/ HTTP/1.1" 200 16 "http://localhost:5000/?number=2" "Mozilla/5.0 (Windows NT 10.0; Win64; x64) AppleWebKit/537.36 (KHTML, like Gecko) Chrome/100.0.4896.127 Safari/537.36"
::1 - - [28/Apr/2022:02:15:47 +0000] "GET /app/flip/ HTTP/1.1" 200 16 "http://localhost:5000/?number=2" "Mozilla/5.0 (Windows NT 10.0; Win64; x64) AppleWebKit/537.36 (KHTML, like Gecko) Chrome/100.0.4896.127 Safari/537.36"
::1 - - [28/Apr/2022:02:15:48 +0000] "GET /app/flip/ HTTP/1.1" 304 - "http://localhost:5000/?number=2" "Mozilla/5.0 (Windows NT 10.0; Win64; x64) AppleWebKit/537.36 (KHTML, like Gecko) Chrome/100.0.4896.127 Safari/537.36"
::1 - - [28/Apr/2022:02:15:48 +0000] "GET /app/flip/ HTTP/1.1" 200 16 "http://localhost:5000/?number=2" "Mozilla/5.0 (Windows NT 10.0; Win64; x64) AppleWebKit/537.36 (KHTML, like Gecko) Chrome/100.0.4896.127 Safari/537.36"
::1 - - [28/Apr/2022:02:22:37 +0000] "GET /app/flip/coins HTTP/1.1" 404 13 "-" "Mozilla/5.0 (Windows NT 10.0; Win64; x64) AppleWebKit/537.36 (KHTML, like Gecko) Chrome/100.0.4896.127 Safari/537.36"
::1 - - [28/Apr/2022:02:22:41 +0000] "GET /app/flip HTTP/1.1" 200 16 "-" "Mozilla/5.0 (Windows NT 10.0; Win64; x64) AppleWebKit/537.36 (KHTML, like Gecko) Chrome/100.0.4896.127 Safari/537.36"
::1 - - [28/Apr/2022:02:22:56 +0000] "GET /app/flip/coins/3 HTTP/1.1" 404 13 "-" "Mozilla/5.0 (Windows NT 10.0; Win64; x64) AppleWebKit/537.36 (KHTML, like Gecko) Chrome/100.0.4896.127 Safari/537.36"
::1 - - [28/Apr/2022:02:23:31 +0000] "GET /app/flip/coins HTTP/1.1" 404 13 "-" "Mozilla/5.0 (Windows NT 10.0; Win64; x64) AppleWebKit/537.36 (KHTML, like Gecko) Chrome/100.0.4896.127 Safari/537.36"
::ffff:127.0.0.1 - - [28/Apr/2022:02:32:25 +0000] "GET /app/flip/coins HTTP/1.1" 404 13 "-" "curl/7.79.1"
::ffff:127.0.0.1 - - [28/Apr/2022:02:33:13 +0000] "POST /app/flip/coins HTTP/1.1" 500 1472 "-" "curl/7.79.1"
::ffff:127.0.0.1 - - [28/Apr/2022:02:36:04 +0000] "POST /app/flip/coins HTTP/1.1" 500 1429 "-" "curl/7.79.1"
::ffff:127.0.0.1 - - [28/Apr/2022:02:36:41 +0000] "POST /app/flip/coins HTTP/1.1" 500 1429 "-" "curl/7.79.1"
::ffff:127.0.0.1 - - [28/Apr/2022:02:43:11 +0000] "POST /app/flip/coins HTTP/1.1" 200 42 "-" "curl/7.79.1"
::ffff:127.0.0.1 - - [28/Apr/2022:02:44:03 +0000] "POST /app/flip/coins HTTP/1.1" 200 42 "-" "curl/7.79.1"
::1 - - [28/Apr/2022:02:47:14 +0000] "GET /app/flip/ HTTP/1.1" 200 16 "http://localhost:5000/" "Mozilla/5.0 (Windows NT 10.0; Win64; x64) AppleWebKit/537.36 (KHTML, like Gecko) Chrome/100.0.4896.127 Safari/537.36"
::1 - - [28/Apr/2022:02:47:14 +0000] "GET /app/flip/ HTTP/1.1" 304 - "http://localhost:5000/" "Mozilla/5.0 (Windows NT 10.0; Win64; x64) AppleWebKit/537.36 (KHTML, like Gecko) Chrome/100.0.4896.127 Safari/537.36"
::1 - - [28/Apr/2022:02:47:15 +0000] "GET /app/flip/ HTTP/1.1" 304 - "http://localhost:5000/" "Mozilla/5.0 (Windows NT 10.0; Win64; x64) AppleWebKit/537.36 (KHTML, like Gecko) Chrome/100.0.4896.127 Safari/537.36"
::1 - - [28/Apr/2022:02:47:15 +0000] "GET /app/flip/ HTTP/1.1" 200 16 "http://localhost:5000/" "Mozilla/5.0 (Windows NT 10.0; Win64; x64) AppleWebKit/537.36 (KHTML, like Gecko) Chrome/100.0.4896.127 Safari/537.36"
::1 - - [28/Apr/2022:02:47:15 +0000] "GET /app/flip/ HTTP/1.1" 200 16 "http://localhost:5000/" "Mozilla/5.0 (Windows NT 10.0; Win64; x64) AppleWebKit/537.36 (KHTML, like Gecko) Chrome/100.0.4896.127 Safari/537.36"
::1 - - [28/Apr/2022:02:47:27 +0000] "POST /app/flip/coins/ HTTP/1.1" 200 73 "http://localhost:5000/" "Mozilla/5.0 (Windows NT 10.0; Win64; x64) AppleWebKit/537.36 (KHTML, like Gecko) Chrome/100.0.4896.127 Safari/537.36"
::1 - - [28/Apr/2022:02:47:31 +0000] "POST /app/flip/coins/ HTTP/1.1" 200 81 "http://localhost:5000/" "Mozilla/5.0 (Windows NT 10.0; Win64; x64) AppleWebKit/537.36 (KHTML, like Gecko) Chrome/100.0.4896.127 Safari/537.36"
::1 - - [28/Apr/2022:02:47:31 +0000] "POST /app/flip/coins/ HTTP/1.1" 200 81 "http://localhost:5000/" "Mozilla/5.0 (Windows NT 10.0; Win64; x64) AppleWebKit/537.36 (KHTML, like Gecko) Chrome/100.0.4896.127 Safari/537.36"
::1 - - [28/Apr/2022:02:47:32 +0000] "POST /app/flip/coins/ HTTP/1.1" 200 81 "http://localhost:5000/" "Mozilla/5.0 (Windows NT 10.0; Win64; x64) AppleWebKit/537.36 (KHTML, like Gecko) Chrome/100.0.4896.127 Safari/537.36"
::1 - - [28/Apr/2022:02:47:32 +0000] "POST /app/flip/coins/ HTTP/1.1" 200 81 "http://localhost:5000/" "Mozilla/5.0 (Windows NT 10.0; Win64; x64) AppleWebKit/537.36 (KHTML, like Gecko) Chrome/100.0.4896.127 Safari/537.36"
::1 - - [28/Apr/2022:02:47:32 +0000] "POST /app/flip/coins/ HTTP/1.1" 200 81 "http://localhost:5000/" "Mozilla/5.0 (Windows NT 10.0; Win64; x64) AppleWebKit/537.36 (KHTML, like Gecko) Chrome/100.0.4896.127 Safari/537.36"
::1 - - [28/Apr/2022:02:47:32 +0000] "POST /app/flip/coins/ HTTP/1.1" 200 81 "http://localhost:5000/" "Mozilla/5.0 (Windows NT 10.0; Win64; x64) AppleWebKit/537.36 (KHTML, like Gecko) Chrome/100.0.4896.127 Safari/537.36"
::1 - - [28/Apr/2022:02:47:32 +0000] "POST /app/flip/coins/ HTTP/1.1" 200 81 "http://localhost:5000/" "Mozilla/5.0 (Windows NT 10.0; Win64; x64) AppleWebKit/537.36 (KHTML, like Gecko) Chrome/100.0.4896.127 Safari/537.36"
::1 - - [28/Apr/2022:02:47:33 +0000] "POST /app/flip/coins/ HTTP/1.1" 200 81 "http://localhost:5000/" "Mozilla/5.0 (Windows NT 10.0; Win64; x64) AppleWebKit/537.36 (KHTML, like Gecko) Chrome/100.0.4896.127 Safari/537.36"
::1 - - [28/Apr/2022:02:47:33 +0000] "POST /app/flip/coins/ HTTP/1.1" 200 81 "http://localhost:5000/" "Mozilla/5.0 (Windows NT 10.0; Win64; x64) AppleWebKit/537.36 (KHTML, like Gecko) Chrome/100.0.4896.127 Safari/537.36"
::1 - - [28/Apr/2022:02:47:56 +0000] "GET /app/flip/ HTTP/1.1" 200 16 "http://localhost:5000/" "Mozilla/5.0 (Windows NT 10.0; Win64; x64) AppleWebKit/537.36 (KHTML, like Gecko) Chrome/100.0.4896.127 Safari/537.36"
::1 - - [28/Apr/2022:02:47:56 +0000] "GET /app/flip/ HTTP/1.1" 304 - "http://localhost:5000/" "Mozilla/5.0 (Windows NT 10.0; Win64; x64) AppleWebKit/537.36 (KHTML, like Gecko) Chrome/100.0.4896.127 Safari/537.36"
::1 - - [28/Apr/2022:02:47:56 +0000] "GET /app/flip/ HTTP/1.1" 304 - "http://localhost:5000/" "Mozilla/5.0 (Windows NT 10.0; Win64; x64) AppleWebKit/537.36 (KHTML, like Gecko) Chrome/100.0.4896.127 Safari/537.36"
::1 - - [28/Apr/2022:02:47:56 +0000] "GET /app/flip/ HTTP/1.1" 304 - "http://localhost:5000/" "Mozilla/5.0 (Windows NT 10.0; Win64; x64) AppleWebKit/537.36 (KHTML, like Gecko) Chrome/100.0.4896.127 Safari/537.36"
::1 - - [28/Apr/2022:02:48:20 +0000] "POST /app/flip/coins/ HTTP/1.1" 200 81 "http://localhost:5000/" "Mozilla/5.0 (Windows NT 10.0; Win64; x64) AppleWebKit/537.36 (KHTML, like Gecko) Chrome/100.0.4896.127 Safari/537.36"
::1 - - [28/Apr/2022:02:48:20 +0000] "POST /app/flip/coins/ HTTP/1.1" 200 81 "http://localhost:5000/" "Mozilla/5.0 (Windows NT 10.0; Win64; x64) AppleWebKit/537.36 (KHTML, like Gecko) Chrome/100.0.4896.127 Safari/537.36"
::1 - - [28/Apr/2022:02:48:21 +0000] "POST /app/flip/coins/ HTTP/1.1" 200 81 "http://localhost:5000/" "Mozilla/5.0 (Windows NT 10.0; Win64; x64) AppleWebKit/537.36 (KHTML, like Gecko) Chrome/100.0.4896.127 Safari/537.36"
::1 - - [28/Apr/2022:02:56:13 +0000] "POST /app/flip/coins/ HTTP/1.1" 200 395 "http://localhost:5000/" "Mozilla/5.0 (Windows NT 10.0; Win64; x64) AppleWebKit/537.36 (KHTML, like Gecko) Chrome/100.0.4896.127 Safari/537.36"
::1 - - [28/Apr/2022:02:56:15 +0000] "GET /app/flip/ HTTP/1.1" 304 - "http://localhost:5000/" "Mozilla/5.0 (Windows NT 10.0; Win64; x64) AppleWebKit/537.36 (KHTML, like Gecko) Chrome/100.0.4896.127 Safari/537.36"
::1 - - [28/Apr/2022:02:56:32 +0000] "GET /app/flip/call HTTP/1.1" 404 13 "http://localhost:5000/" "Mozilla/5.0 (Windows NT 10.0; Win64; x64) AppleWebKit/537.36 (KHTML, like Gecko) Chrome/100.0.4896.127 Safari/537.36"
::1 - - [28/Apr/2022:02:56:32 +0000] "GET /app/flip/call HTTP/1.1" 404 13 "http://localhost:5000/?" "Mozilla/5.0 (Windows NT 10.0; Win64; x64) AppleWebKit/537.36 (KHTML, like Gecko) Chrome/100.0.4896.127 Safari/537.36"
::1 - - [28/Apr/2022:02:56:33 +0000] "GET /app/flip/call HTTP/1.1" 404 13 "http://localhost:5000/?" "Mozilla/5.0 (Windows NT 10.0; Win64; x64) AppleWebKit/537.36 (KHTML, like Gecko) Chrome/100.0.4896.127 Safari/537.36"
::1 - - [28/Apr/2022:02:56:33 +0000] "GET /app/flip/call HTTP/1.1" 404 13 "http://localhost:5000/?" "Mozilla/5.0 (Windows NT 10.0; Win64; x64) AppleWebKit/537.36 (KHTML, like Gecko) Chrome/100.0.4896.127 Safari/537.36"
::1 - - [28/Apr/2022:02:56:40 +0000] "GET /app/flip/call HTTP/1.1" 404 13 "http://localhost:5000/?" "Mozilla/5.0 (Windows NT 10.0; Win64; x64) AppleWebKit/537.36 (KHTML, like Gecko) Chrome/100.0.4896.127 Safari/537.36"
::ffff:127.0.0.1 - - [28/Apr/2022:02:58:28 +0000] "POST /app/flip/call HTTP/1.1" 200 32 "-" "curl/7.79.1"
::1 - - [28/Apr/2022:02:58:57 +0000] "GET /app/flip/call HTTP/1.1" 404 13 "http://localhost:5000/?" "Mozilla/5.0 (Windows NT 10.0; Win64; x64) AppleWebKit/537.36 (KHTML, like Gecko) Chrome/100.0.4896.127 Safari/537.36"
::1 - - [28/Apr/2022:02:58:59 +0000] "GET /app/flip/call HTTP/1.1" 404 13 "http://localhost:5000/?" "Mozilla/5.0 (Windows NT 10.0; Win64; x64) AppleWebKit/537.36 (KHTML, like Gecko) Chrome/100.0.4896.127 Safari/537.36"
::1 - - [28/Apr/2022:03:03:20 +0000] "GET /app/flip/call HTTP/1.1" 404 13 "http://localhost:5000/?" "Mozilla/5.0 (Windows NT 10.0; Win64; x64) AppleWebKit/537.36 (KHTML, like Gecko) Chrome/100.0.4896.127 Safari/537.36"
::1 - - [28/Apr/2022:03:03:23 +0000] "GET /app/flip/call HTTP/1.1" 404 13 "http://localhost:5000/?" "Mozilla/5.0 (Windows NT 10.0; Win64; x64) AppleWebKit/537.36 (KHTML, like Gecko) Chrome/100.0.4896.127 Safari/537.36"
::1 - - [28/Apr/2022:03:03:30 +0000] "GET /app/flip/call HTTP/1.1" 404 13 "http://localhost:5000/?" "Mozilla/5.0 (Windows NT 10.0; Win64; x64) AppleWebKit/537.36 (KHTML, like Gecko) Chrome/100.0.4896.127 Safari/537.36"
::1 - - [28/Apr/2022:03:04:00 +0000] "POST /?app/flip/coins/ HTTP/1.1" 404 13 "http://localhost:5000/?" "Mozilla/5.0 (Windows NT 10.0; Win64; x64) AppleWebKit/537.36 (KHTML, like Gecko) Chrome/100.0.4896.127 Safari/537.36"
::1 - - [28/Apr/2022:03:04:06 +0000] "POST /?app/flip/coins/ HTTP/1.1" 404 13 "http://localhost:5000/?" "Mozilla/5.0 (Windows NT 10.0; Win64; x64) AppleWebKit/537.36 (KHTML, like Gecko) Chrome/100.0.4896.127 Safari/537.36"
::1 - - [28/Apr/2022:03:04:28 +0000] "POST /?app/flip/coins/ HTTP/1.1" 404 13 "http://localhost:5000/?" "Mozilla/5.0 (Windows NT 10.0; Win64; x64) AppleWebKit/537.36 (KHTML, like Gecko) Chrome/100.0.4896.127 Safari/537.36"
::1 - - [28/Apr/2022:03:05:01 +0000] "POST /?app/flip/coins/ HTTP/1.1" 404 13 "http://localhost:5000/?" "Mozilla/5.0 (Windows NT 10.0; Win64; x64) AppleWebKit/537.36 (KHTML, like Gecko) Chrome/100.0.4896.127 Safari/537.36"
::1 - - [28/Apr/2022:03:05:02 +0000] "POST /?app/flip/coins/ HTTP/1.1" 404 13 "http://localhost:5000/?" "Mozilla/5.0 (Windows NT 10.0; Win64; x64) AppleWebKit/537.36 (KHTML, like Gecko) Chrome/100.0.4896.127 Safari/537.36"
::1 - - [28/Apr/2022:03:05:02 +0000] "POST /?app/flip/coins/ HTTP/1.1" 404 13 "http://localhost:5000/?" "Mozilla/5.0 (Windows NT 10.0; Win64; x64) AppleWebKit/537.36 (KHTML, like Gecko) Chrome/100.0.4896.127 Safari/537.36"
::1 - - [28/Apr/2022:03:05:03 +0000] "POST /?app/flip/coins/ HTTP/1.1" 404 13 "http://localhost:5000/?" "Mozilla/5.0 (Windows NT 10.0; Win64; x64) AppleWebKit/537.36 (KHTML, like Gecko) Chrome/100.0.4896.127 Safari/537.36"
::1 - - [28/Apr/2022:03:06:03 +0000] "POST /?app/flip/coins/ HTTP/1.1" 404 13 "http://localhost:5000/?" "Mozilla/5.0 (Windows NT 10.0; Win64; x64) AppleWebKit/537.36 (KHTML, like Gecko) Chrome/100.0.4896.127 Safari/537.36"
::ffff:127.0.0.1 - - [28/Apr/2022:03:07:29 +0000] "POST /app/flip/call HTTP/1.1" 200 32 "-" "curl/7.79.1"
::ffff:127.0.0.1 - - [28/Apr/2022:03:07:33 +0000] "POST /app/flip/coins HTTP/1.1" 200 42 "-" "curl/7.79.1"
::1 - - [28/Apr/2022:03:07:43 +0000] "POST /?app/flip/coins/ HTTP/1.1" 404 13 "http://localhost:5000/?" "Mozilla/5.0 (Windows NT 10.0; Win64; x64) AppleWebKit/537.36 (KHTML, like Gecko) Chrome/100.0.4896.127 Safari/537.36"
::1 - - [28/Apr/2022:03:09:36 +0000] "POST /?app/flip/coins/ HTTP/1.1" 404 13 "http://localhost:5000/?" "Mozilla/5.0 (Windows NT 10.0; Win64; x64) AppleWebKit/537.36 (KHTML, like Gecko) Chrome/100.0.4896.127 Safari/537.36"
::1 - - [28/Apr/2022:03:09:37 +0000] "POST /?app/flip/coins/ HTTP/1.1" 404 13 "http://localhost:5000/?" "Mozilla/5.0 (Windows NT 10.0; Win64; x64) AppleWebKit/537.36 (KHTML, like Gecko) Chrome/100.0.4896.127 Safari/537.36"
::1 - - [28/Apr/2022:03:09:38 +0000] "POST /?app/flip/coins/ HTTP/1.1" 404 13 "http://localhost:5000/?" "Mozilla/5.0 (Windows NT 10.0; Win64; x64) AppleWebKit/537.36 (KHTML, like Gecko) Chrome/100.0.4896.127 Safari/537.36"
::1 - - [28/Apr/2022:03:09:38 +0000] "POST /?app/flip/coins/ HTTP/1.1" 404 13 "http://localhost:5000/?" "Mozilla/5.0 (Windows NT 10.0; Win64; x64) AppleWebKit/537.36 (KHTML, like Gecko) Chrome/100.0.4896.127 Safari/537.36"
::1 - - [28/Apr/2022:03:09:38 +0000] "POST /?app/flip/coins/ HTTP/1.1" 404 13 "http://localhost:5000/?" "Mozilla/5.0 (Windows NT 10.0; Win64; x64) AppleWebKit/537.36 (KHTML, like Gecko) Chrome/100.0.4896.127 Safari/537.36"
::1 - - [28/Apr/2022:03:09:38 +0000] "POST /?app/flip/coins/ HTTP/1.1" 404 13 "http://localhost:5000/?" "Mozilla/5.0 (Windows NT 10.0; Win64; x64) AppleWebKit/537.36 (KHTML, like Gecko) Chrome/100.0.4896.127 Safari/537.36"
::1 - - [28/Apr/2022:03:09:38 +0000] "POST /?app/flip/coins/ HTTP/1.1" 404 13 "http://localhost:5000/?" "Mozilla/5.0 (Windows NT 10.0; Win64; x64) AppleWebKit/537.36 (KHTML, like Gecko) Chrome/100.0.4896.127 Safari/537.36"
::1 - - [28/Apr/2022:03:09:40 +0000] "POST /?app/flip/coins/ HTTP/1.1" 404 13 "http://localhost:5000/?" "Mozilla/5.0 (Windows NT 10.0; Win64; x64) AppleWebKit/537.36 (KHTML, like Gecko) Chrome/100.0.4896.127 Safari/537.36"
::1 - - [28/Apr/2022:03:09:41 +0000] "POST /?app/flip/coins/ HTTP/1.1" 404 13 "http://localhost:5000/?" "Mozilla/5.0 (Windows NT 10.0; Win64; x64) AppleWebKit/537.36 (KHTML, like Gecko) Chrome/100.0.4896.127 Safari/537.36"
::1 - - [28/Apr/2022:03:09:43 +0000] "GET /app/flip/ HTTP/1.1" 304 - "http://localhost:5000/?" "Mozilla/5.0 (Windows NT 10.0; Win64; x64) AppleWebKit/537.36 (KHTML, like Gecko) Chrome/100.0.4896.127 Safari/537.36"
::1 - - [28/Apr/2022:03:09:44 +0000] "GET /app/flip/ HTTP/1.1" 200 16 "http://localhost:5000/?" "Mozilla/5.0 (Windows NT 10.0; Win64; x64) AppleWebKit/537.36 (KHTML, like Gecko) Chrome/100.0.4896.127 Safari/537.36"
::1 - - [28/Apr/2022:03:09:44 +0000] "GET /app/flip/ HTTP/1.1" 200 16 "http://localhost:5000/?" "Mozilla/5.0 (Windows NT 10.0; Win64; x64) AppleWebKit/537.36 (KHTML, like Gecko) Chrome/100.0.4896.127 Safari/537.36"
::1 - - [28/Apr/2022:03:09:44 +0000] "GET /app/flip/ HTTP/1.1" 304 - "http://localhost:5000/?" "Mozilla/5.0 (Windows NT 10.0; Win64; x64) AppleWebKit/537.36 (KHTML, like Gecko) Chrome/100.0.4896.127 Safari/537.36"
::1 - - [28/Apr/2022:03:09:47 +0000] "POST /?app/flip/coins/ HTTP/1.1" 404 13 "http://localhost:5000/?" "Mozilla/5.0 (Windows NT 10.0; Win64; x64) AppleWebKit/537.36 (KHTML, like Gecko) Chrome/100.0.4896.127 Safari/537.36"
::1 - - [28/Apr/2022:03:11:01 +0000] "POST /?app/flip/coins/ HTTP/1.1" 404 13 "http://localhost:5000/?" "Mozilla/5.0 (Windows NT 10.0; Win64; x64) AppleWebKit/537.36 (KHTML, like Gecko) Chrome/100.0.4896.127 Safari/537.36"
::1 - - [28/Apr/2022:03:11:08 +0000] "POST /?app/flip/coins/ HTTP/1.1" 404 13 "http://localhost:5000/?" "Mozilla/5.0 (Windows NT 10.0; Win64; x64) AppleWebKit/537.36 (KHTML, like Gecko) Chrome/100.0.4896.127 Safari/537.36"
::1 - - [28/Apr/2022:03:11:11 +0000] "POST /?app/flip/coins/ HTTP/1.1" 404 13 "http://localhost:5000/?" "Mozilla/5.0 (Windows NT 10.0; Win64; x64) AppleWebKit/537.36 (KHTML, like Gecko) Chrome/100.0.4896.127 Safari/537.36"
::1 - - [28/Apr/2022:03:11:31 +0000] "GET /app/flip/ HTTP/1.1" 304 - "http://localhost:5000/?" "Mozilla/5.0 (Windows NT 10.0; Win64; x64) AppleWebKit/537.36 (KHTML, like Gecko) Chrome/100.0.4896.127 Safari/537.36"
::1 - - [28/Apr/2022:03:11:32 +0000] "GET /app/flip/ HTTP/1.1" 304 - "http://localhost:5000/?" "Mozilla/5.0 (Windows NT 10.0; Win64; x64) AppleWebKit/537.36 (KHTML, like Gecko) Chrome/100.0.4896.127 Safari/537.36"
::1 - - [28/Apr/2022:03:11:32 +0000] "GET /app/flip/ HTTP/1.1" 304 - "http://localhost:5000/?" "Mozilla/5.0 (Windows NT 10.0; Win64; x64) AppleWebKit/537.36 (KHTML, like Gecko) Chrome/100.0.4896.127 Safari/537.36"
::1 - - [28/Apr/2022:03:11:33 +0000] "GET /app/flip/ HTTP/1.1" 200 16 "http://localhost:5000/?" "Mozilla/5.0 (Windows NT 10.0; Win64; x64) AppleWebKit/537.36 (KHTML, like Gecko) Chrome/100.0.4896.127 Safari/537.36"
::1 - - [28/Apr/2022:03:11:33 +0000] "GET /app/flip/ HTTP/1.1" 200 16 "http://localhost:5000/?" "Mozilla/5.0 (Windows NT 10.0; Win64; x64) AppleWebKit/537.36 (KHTML, like Gecko) Chrome/100.0.4896.127 Safari/537.36"
::1 - - [28/Apr/2022:03:11:33 +0000] "GET /app/flip/ HTTP/1.1" 200 16 "http://localhost:5000/?" "Mozilla/5.0 (Windows NT 10.0; Win64; x64) AppleWebKit/537.36 (KHTML, like Gecko) Chrome/100.0.4896.127 Safari/537.36"
::1 - - [28/Apr/2022:03:13:10 +0000] "POST /?app/flip/coins/ HTTP/1.1" 404 13 "http://localhost:5000/?" "Mozilla/5.0 (Windows NT 10.0; Win64; x64) AppleWebKit/537.36 (KHTML, like Gecko) Chrome/100.0.4896.127 Safari/537.36"
::1 - - [28/Apr/2022:03:14:25 +0000] "GET /app/flip/ HTTP/1.1" 304 - "http://localhost:5000/" "Mozilla/5.0 (Windows NT 10.0; Win64; x64) AppleWebKit/537.36 (KHTML, like Gecko) Chrome/100.0.4896.127 Safari/537.36"
::1 - - [28/Apr/2022:03:14:30 +0000] "POST /app/flip/coins/ HTTP/1.1" 200 137 "http://localhost:5000/" "Mozilla/5.0 (Windows NT 10.0; Win64; x64) AppleWebKit/537.36 (KHTML, like Gecko) Chrome/100.0.4896.127 Safari/537.36"
::1 - - [28/Apr/2022:03:14:34 +0000] "POST /app/flip/coins/ HTTP/1.1" 200 137 "http://localhost:5000/" "Mozilla/5.0 (Windows NT 10.0; Win64; x64) AppleWebKit/537.36 (KHTML, like Gecko) Chrome/100.0.4896.127 Safari/537.36"
::1 - - [28/Apr/2022:03:14:34 +0000] "POST /app/flip/coins/ HTTP/1.1" 200 137 "http://localhost:5000/" "Mozilla/5.0 (Windows NT 10.0; Win64; x64) AppleWebKit/537.36 (KHTML, like Gecko) Chrome/100.0.4896.127 Safari/537.36"
::1 - - [28/Apr/2022:03:14:34 +0000] "POST /app/flip/coins/ HTTP/1.1" 200 137 "http://localhost:5000/" "Mozilla/5.0 (Windows NT 10.0; Win64; x64) AppleWebKit/537.36 (KHTML, like Gecko) Chrome/100.0.4896.127 Safari/537.36"
::1 - - [28/Apr/2022:03:14:35 +0000] "POST /app/flip/coins/ HTTP/1.1" 200 137 "http://localhost:5000/" "Mozilla/5.0 (Windows NT 10.0; Win64; x64) AppleWebKit/537.36 (KHTML, like Gecko) Chrome/100.0.4896.127 Safari/537.36"
::1 - - [28/Apr/2022:03:14:35 +0000] "POST /app/flip/coins/ HTTP/1.1" 200 137 "http://localhost:5000/" "Mozilla/5.0 (Windows NT 10.0; Win64; x64) AppleWebKit/537.36 (KHTML, like Gecko) Chrome/100.0.4896.127 Safari/537.36"
::1 - - [28/Apr/2022:03:14:35 +0000] "POST /app/flip/coins/ HTTP/1.1" 200 137 "http://localhost:5000/" "Mozilla/5.0 (Windows NT 10.0; Win64; x64) AppleWebKit/537.36 (KHTML, like Gecko) Chrome/100.0.4896.127 Safari/537.36"
::1 - - [28/Apr/2022:03:21:52 +0000] "POST /?app/flip/coins/ HTTP/1.1" 404 13 "http://localhost:5000/?" "Mozilla/5.0 (Windows NT 10.0; Win64; x64) AppleWebKit/537.36 (KHTML, like Gecko) Chrome/100.0.4896.127 Safari/537.36"
::1 - - [28/Apr/2022:03:21:52 +0000] "POST /?app/flip/call HTTP/1.1" 404 13 "http://localhost:5000/?" "Mozilla/5.0 (Windows NT 10.0; Win64; x64) AppleWebKit/537.36 (KHTML, like Gecko) Chrome/100.0.4896.127 Safari/537.36"
::1 - - [28/Apr/2022:03:21:56 +0000] "GET /app/flip/ HTTP/1.1" 304 - "http://localhost:5000/?" "Mozilla/5.0 (Windows NT 10.0; Win64; x64) AppleWebKit/537.36 (KHTML, like Gecko) Chrome/100.0.4896.127 Safari/537.36"
::1 - - [28/Apr/2022:03:21:56 +0000] "GET /app/flip/ HTTP/1.1" 304 - "http://localhost:5000/?" "Mozilla/5.0 (Windows NT 10.0; Win64; x64) AppleWebKit/537.36 (KHTML, like Gecko) Chrome/100.0.4896.127 Safari/537.36"
::1 - - [28/Apr/2022:03:22:01 +0000] "POST /?app/flip/coins/ HTTP/1.1" 404 13 "http://localhost:5000/?" "Mozilla/5.0 (Windows NT 10.0; Win64; x64) AppleWebKit/537.36 (KHTML, like Gecko) Chrome/100.0.4896.127 Safari/537.36"
::1 - - [28/Apr/2022:03:22:01 +0000] "POST /?app/flip/call HTTP/1.1" 404 13 "http://localhost:5000/?" "Mozilla/5.0 (Windows NT 10.0; Win64; x64) AppleWebKit/537.36 (KHTML, like Gecko) Chrome/100.0.4896.127 Safari/537.36"
::1 - - [28/Apr/2022:03:24:09 +0000] "POST /?app/flip/coins/ HTTP/1.1" 404 13 "http://localhost:5000/?" "Mozilla/5.0 (Windows NT 10.0; Win64; x64) AppleWebKit/537.36 (KHTML, like Gecko) Chrome/100.0.4896.127 Safari/537.36"
::1 - - [28/Apr/2022:03:24:09 +0000] "POST /?app/flip/call HTTP/1.1" 404 13 "http://localhost:5000/?" "Mozilla/5.0 (Windows NT 10.0; Win64; x64) AppleWebKit/537.36 (KHTML, like Gecko) Chrome/100.0.4896.127 Safari/537.36"
::1 - - [28/Apr/2022:03:24:22 +0000] "POST /app/flip/coins/ HTTP/1.1" 200 65 "http://localhost:5000/" "Mozilla/5.0 (Windows NT 10.0; Win64; x64) AppleWebKit/537.36 (KHTML, like Gecko) Chrome/100.0.4896.127 Safari/537.36"
::1 - - [28/Apr/2022:03:24:22 +0000] "POST /app/flip/call HTTP/1.1" 200 32 "http://localhost:5000/" "Mozilla/5.0 (Windows NT 10.0; Win64; x64) AppleWebKit/537.36 (KHTML, like Gecko) Chrome/100.0.4896.127 Safari/537.36"
::1 - - [28/Apr/2022:03:24:30 +0000] "POST /app/flip/coins/ HTTP/1.1" 200 73 "http://localhost:5000/" "Mozilla/5.0 (Windows NT 10.0; Win64; x64) AppleWebKit/537.36 (KHTML, like Gecko) Chrome/100.0.4896.127 Safari/537.36"
::1 - - [28/Apr/2022:03:24:30 +0000] "POST /app/flip/call HTTP/1.1" 200 32 "http://localhost:5000/" "Mozilla/5.0 (Windows NT 10.0; Win64; x64) AppleWebKit/537.36 (KHTML, like Gecko) Chrome/100.0.4896.127 Safari/537.36"
::1 - - [28/Apr/2022:03:25:22 +0000] "POST /app/flip/coins/ HTTP/1.1" 200 65 "http://localhost:5000/" "Mozilla/5.0 (Windows NT 10.0; Win64; x64) AppleWebKit/537.36 (KHTML, like Gecko) Chrome/100.0.4896.127 Safari/537.36"
::1 - - [28/Apr/2022:03:25:31 +0000] "GET /app/flip/ HTTP/1.1" 200 16 "http://localhost:5000/" "Mozilla/5.0 (Windows NT 10.0; Win64; x64) AppleWebKit/537.36 (KHTML, like Gecko) Chrome/100.0.4896.127 Safari/537.36"
::1 - - [28/Apr/2022:03:25:32 +0000] "GET /app/flip/ HTTP/1.1" 304 - "http://localhost:5000/" "Mozilla/5.0 (Windows NT 10.0; Win64; x64) AppleWebKit/537.36 (KHTML, like Gecko) Chrome/100.0.4896.127 Safari/537.36"
::1 - - [28/Apr/2022:03:25:35 +0000] "POST /app/flip/coins/ HTTP/1.1" 200 81 "http://localhost:5000/" "Mozilla/5.0 (Windows NT 10.0; Win64; x64) AppleWebKit/537.36 (KHTML, like Gecko) Chrome/100.0.4896.127 Safari/537.36"
::1 - - [28/Apr/2022:03:28:54 +0000] "POST /app/flip/coins/ HTTP/1.1" 200 81 "http://localhost:5000/" "Mozilla/5.0 (Windows NT 10.0; Win64; x64) AppleWebKit/537.36 (KHTML, like Gecko) Chrome/100.0.4896.127 Safari/537.36"
::1 - - [28/Apr/2022:03:29:33 +0000] "POST /app/flip/coins/ HTTP/1.1" 200 81 "http://localhost:5000/" "Mozilla/5.0 (Windows NT 10.0; Win64; x64) AppleWebKit/537.36 (KHTML, like Gecko) Chrome/100.0.4896.127 Safari/537.36"
::1 - - [28/Apr/2022:03:29:33 +0000] "POST /app/flip/coins/ HTTP/1.1" 200 81 "http://localhost:5000/" "Mozilla/5.0 (Windows NT 10.0; Win64; x64) AppleWebKit/537.36 (KHTML, like Gecko) Chrome/100.0.4896.127 Safari/537.36"
::1 - - [28/Apr/2022:03:29:33 +0000] "POST /app/flip/coins/ HTTP/1.1" 200 81 "http://localhost:5000/" "Mozilla/5.0 (Windows NT 10.0; Win64; x64) AppleWebKit/537.36 (KHTML, like Gecko) Chrome/100.0.4896.127 Safari/537.36"
::1 - - [28/Apr/2022:03:29:34 +0000] "POST /app/flip/coins/ HTTP/1.1" 200 81 "http://localhost:5000/" "Mozilla/5.0 (Windows NT 10.0; Win64; x64) AppleWebKit/537.36 (KHTML, like Gecko) Chrome/100.0.4896.127 Safari/537.36"
::1 - - [28/Apr/2022:03:29:37 +0000] "POST /app/flip/coins/ HTTP/1.1" 200 97 "http://localhost:5000/" "Mozilla/5.0 (Windows NT 10.0; Win64; x64) AppleWebKit/537.36 (KHTML, like Gecko) Chrome/100.0.4896.127 Safari/537.36"
::1 - - [28/Apr/2022:03:36:04 +0000] "POST /app/flip/ HTTP/1.1" 404 13 "http://localhost:5000/" "Mozilla/5.0 (Windows NT 10.0; Win64; x64) AppleWebKit/537.36 (KHTML, like Gecko) Chrome/100.0.4896.127 Safari/537.36"
::1 - - [28/Apr/2022:03:36:05 +0000] "POST /app/flip/ HTTP/1.1" 404 13 "http://localhost:5000/?" "Mozilla/5.0 (Windows NT 10.0; Win64; x64) AppleWebKit/537.36 (KHTML, like Gecko) Chrome/100.0.4896.127 Safari/537.36"
::1 - - [28/Apr/2022:03:36:11 +0000] "POST /app/flip/ HTTP/1.1" 404 13 "http://localhost:5000/?" "Mozilla/5.0 (Windows NT 10.0; Win64; x64) AppleWebKit/537.36 (KHTML, like Gecko) Chrome/100.0.4896.127 Safari/537.36"
::1 - - [28/Apr/2022:03:36:19 +0000] "POST /?app/flip/coins/ HTTP/1.1" 404 13 "http://localhost:5000/?" "Mozilla/5.0 (Windows NT 10.0; Win64; x64) AppleWebKit/537.36 (KHTML, like Gecko) Chrome/100.0.4896.127 Safari/537.36"
::1 - - [28/Apr/2022:03:36:23 +0000] "POST /?app/flip/coins/ HTTP/1.1" 404 13 "http://localhost:5000/?" "Mozilla/5.0 (Windows NT 10.0; Win64; x64) AppleWebKit/537.36 (KHTML, like Gecko) Chrome/100.0.4896.127 Safari/537.36"
::1 - - [28/Apr/2022:03:36:32 +0000] "GET /app/flip/ HTTP/1.1" 304 - "http://localhost:5000/?" "Mozilla/5.0 (Windows NT 10.0; Win64; x64) AppleWebKit/537.36 (KHTML, like Gecko) Chrome/100.0.4896.127 Safari/537.36"
::1 - - [28/Apr/2022:03:36:33 +0000] "GET /app/flip/ HTTP/1.1" 200 16 "http://localhost:5000/?" "Mozilla/5.0 (Windows NT 10.0; Win64; x64) AppleWebKit/537.36 (KHTML, like Gecko) Chrome/100.0.4896.127 Safari/537.36"
::1 - - [28/Apr/2022:03:36:34 +0000] "GET /app/flip/ HTTP/1.1" 304 - "http://localhost:5000/?" "Mozilla/5.0 (Windows NT 10.0; Win64; x64) AppleWebKit/537.36 (KHTML, like Gecko) Chrome/100.0.4896.127 Safari/537.36"
::1 - - [28/Apr/2022:03:36:35 +0000] "GET /app/flip/ HTTP/1.1" 200 16 "http://localhost:5000/?" "Mozilla/5.0 (Windows NT 10.0; Win64; x64) AppleWebKit/537.36 (KHTML, like Gecko) Chrome/100.0.4896.127 Safari/537.36"
::1 - - [28/Apr/2022:03:36:47 +0000] "POST /?app/flip/coins/ HTTP/1.1" 404 13 "http://localhost:5000/?" "Mozilla/5.0 (Windows NT 10.0; Win64; x64) AppleWebKit/537.36 (KHTML, like Gecko) Chrome/100.0.4896.127 Safari/537.36"
::1 - - [28/Apr/2022:03:37:03 +0000] "POST /app/flip/coins/ HTTP/1.1" 200 65 "http://localhost:5000/" "Mozilla/5.0 (Windows NT 10.0; Win64; x64) AppleWebKit/537.36 (KHTML, like Gecko) Chrome/100.0.4896.127 Safari/537.36"
::1 - - [28/Apr/2022:03:37:05 +0000] "POST /app/flip/coins/ HTTP/1.1" 200 65 "http://localhost:5000/" "Mozilla/5.0 (Windows NT 10.0; Win64; x64) AppleWebKit/537.36 (KHTML, like Gecko) Chrome/100.0.4896.127 Safari/537.36"
::1 - - [28/Apr/2022:03:37:05 +0000] "POST /app/flip/coins/ HTTP/1.1" 200 65 "http://localhost:5000/" "Mozilla/5.0 (Windows NT 10.0; Win64; x64) AppleWebKit/537.36 (KHTML, like Gecko) Chrome/100.0.4896.127 Safari/537.36"
::1 - - [28/Apr/2022:03:37:26 +0000] "POST /app/flip/ HTTP/1.1" 404 13 "http://localhost:5000/?" "Mozilla/5.0 (Windows NT 10.0; Win64; x64) AppleWebKit/537.36 (KHTML, like Gecko) Chrome/100.0.4896.127 Safari/537.36"
::1 - - [28/Apr/2022:03:37:55 +0000] "POST /app/flip/call HTTP/1.1" 200 32 "http://localhost:5000/?" "Mozilla/5.0 (Windows NT 10.0; Win64; x64) AppleWebKit/537.36 (KHTML, like Gecko) Chrome/100.0.4896.127 Safari/537.36"
::1 - - [28/Apr/2022:03:41:13 +0000] "POST /app/flip/call HTTP/1.1" 200 32 "http://localhost:5000/" "Mozilla/5.0 (Windows NT 10.0; Win64; x64) AppleWebKit/537.36 (KHTML, like Gecko) Chrome/100.0.4896.127 Safari/537.36"
::1 - - [28/Apr/2022:03:41:15 +0000] "POST /app/flip/call HTTP/1.1" 200 32 "http://localhost:5000/?" "Mozilla/5.0 (Windows NT 10.0; Win64; x64) AppleWebKit/537.36 (KHTML, like Gecko) Chrome/100.0.4896.127 Safari/537.36"
::1 - - [28/Apr/2022:03:41:16 +0000] "POST /app/flip/call HTTP/1.1" 200 32 "http://localhost:5000/?" "Mozilla/5.0 (Windows NT 10.0; Win64; x64) AppleWebKit/537.36 (KHTML, like Gecko) Chrome/100.0.4896.127 Safari/537.36"
::1 - - [28/Apr/2022:03:41:17 +0000] "POST /app/flip/call HTTP/1.1" 200 32 "http://localhost:5000/?" "Mozilla/5.0 (Windows NT 10.0; Win64; x64) AppleWebKit/537.36 (KHTML, like Gecko) Chrome/100.0.4896.127 Safari/537.36"
::1 - - [28/Apr/2022:03:41:21 +0000] "POST /?app/flip/coins/ HTTP/1.1" 404 13 "http://localhost:5000/?" "Mozilla/5.0 (Windows NT 10.0; Win64; x64) AppleWebKit/537.36 (KHTML, like Gecko) Chrome/100.0.4896.127 Safari/537.36"
::1 - - [28/Apr/2022:03:41:25 +0000] "POST /?app/flip/coins/ HTTP/1.1" 404 13 "http://localhost:5000/?" "Mozilla/5.0 (Windows NT 10.0; Win64; x64) AppleWebKit/537.36 (KHTML, like Gecko) Chrome/100.0.4896.127 Safari/537.36"
::1 - - [28/Apr/2022:03:41:31 +0000] "GET /app/flip/ HTTP/1.1" 200 16 "http://localhost:5000/?" "Mozilla/5.0 (Windows NT 10.0; Win64; x64) AppleWebKit/537.36 (KHTML, like Gecko) Chrome/100.0.4896.127 Safari/537.36"
::1 - - [28/Apr/2022:03:41:32 +0000] "GET /app/flip/ HTTP/1.1" 304 - "http://localhost:5000/?" "Mozilla/5.0 (Windows NT 10.0; Win64; x64) AppleWebKit/537.36 (KHTML, like Gecko) Chrome/100.0.4896.127 Safari/537.36"
::1 - - [28/Apr/2022:03:41:32 +0000] "GET /app/flip/ HTTP/1.1" 304 - "http://localhost:5000/?" "Mozilla/5.0 (Windows NT 10.0; Win64; x64) AppleWebKit/537.36 (KHTML, like Gecko) Chrome/100.0.4896.127 Safari/537.36"
::1 - - [28/Apr/2022:03:41:35 +0000] "POST /?app/flip/coins/ HTTP/1.1" 404 13 "http://localhost:5000/?" "Mozilla/5.0 (Windows NT 10.0; Win64; x64) AppleWebKit/537.36 (KHTML, like Gecko) Chrome/100.0.4896.127 Safari/537.36"
::1 - - [28/Apr/2022:03:42:11 +0000] "POST /?app/flip/coins/ HTTP/1.1" 404 13 "http://localhost:5000/?" "Mozilla/5.0 (Windows NT 10.0; Win64; x64) AppleWebKit/537.36 (KHTML, like Gecko) Chrome/100.0.4896.127 Safari/537.36"
::1 - - [28/Apr/2022:03:42:18 +0000] "POST /app/flip/call HTTP/1.1" 200 32 "http://localhost:5000/?" "Mozilla/5.0 (Windows NT 10.0; Win64; x64) AppleWebKit/537.36 (KHTML, like Gecko) Chrome/100.0.4896.127 Safari/537.36"
::1 - - [28/Apr/2022:03:42:22 +0000] "POST /app/flip/call HTTP/1.1" 200 32 "http://localhost:5000/?" "Mozilla/5.0 (Windows NT 10.0; Win64; x64) AppleWebKit/537.36 (KHTML, like Gecko) Chrome/100.0.4896.127 Safari/537.36"
::1 - - [28/Apr/2022:03:42:23 +0000] "POST /app/flip/call HTTP/1.1" 200 32 "http://localhost:5000/?" "Mozilla/5.0 (Windows NT 10.0; Win64; x64) AppleWebKit/537.36 (KHTML, like Gecko) Chrome/100.0.4896.127 Safari/537.36"
::1 - - [28/Apr/2022:03:42:23 +0000] "POST /app/flip/call HTTP/1.1" 200 32 "http://localhost:5000/?" "Mozilla/5.0 (Windows NT 10.0; Win64; x64) AppleWebKit/537.36 (KHTML, like Gecko) Chrome/100.0.4896.127 Safari/537.36"
::1 - - [28/Apr/2022:03:42:24 +0000] "POST /app/flip/call HTTP/1.1" 200 32 "http://localhost:5000/?" "Mozilla/5.0 (Windows NT 10.0; Win64; x64) AppleWebKit/537.36 (KHTML, like Gecko) Chrome/100.0.4896.127 Safari/537.36"
::1 - - [28/Apr/2022:03:42:38 +0000] "POST /app/flip/call HTTP/1.1" 200 32 "http://localhost:5000/?" "Mozilla/5.0 (Windows NT 10.0; Win64; x64) AppleWebKit/537.36 (KHTML, like Gecko) Chrome/100.0.4896.127 Safari/537.36"
::1 - - [28/Apr/2022:03:42:38 +0000] "POST /app/flip/call HTTP/1.1" 200 32 "http://localhost:5000/?" "Mozilla/5.0 (Windows NT 10.0; Win64; x64) AppleWebKit/537.36 (KHTML, like Gecko) Chrome/100.0.4896.127 Safari/537.36"
::1 - - [28/Apr/2022:03:42:39 +0000] "POST /app/flip/call HTTP/1.1" 200 32 "http://localhost:5000/?" "Mozilla/5.0 (Windows NT 10.0; Win64; x64) AppleWebKit/537.36 (KHTML, like Gecko) Chrome/100.0.4896.127 Safari/537.36"
::1 - - [28/Apr/2022:03:42:39 +0000] "POST /app/flip/call HTTP/1.1" 200 32 "http://localhost:5000/?" "Mozilla/5.0 (Windows NT 10.0; Win64; x64) AppleWebKit/537.36 (KHTML, like Gecko) Chrome/100.0.4896.127 Safari/537.36"
::1 - - [28/Apr/2022:03:42:39 +0000] "POST /app/flip/call HTTP/1.1" 200 32 "http://localhost:5000/?" "Mozilla/5.0 (Windows NT 10.0; Win64; x64) AppleWebKit/537.36 (KHTML, like Gecko) Chrome/100.0.4896.127 Safari/537.36"
::1 - - [28/Apr/2022:03:42:40 +0000] "POST /app/flip/call HTTP/1.1" 200 32 "http://localhost:5000/?" "Mozilla/5.0 (Windows NT 10.0; Win64; x64) AppleWebKit/537.36 (KHTML, like Gecko) Chrome/100.0.4896.127 Safari/537.36"
::1 - - [28/Apr/2022:03:42:40 +0000] "POST /app/flip/call HTTP/1.1" 200 32 "http://localhost:5000/?" "Mozilla/5.0 (Windows NT 10.0; Win64; x64) AppleWebKit/537.36 (KHTML, like Gecko) Chrome/100.0.4896.127 Safari/537.36"
::1 - - [28/Apr/2022:03:42:40 +0000] "POST /app/flip/call HTTP/1.1" 200 32 "http://localhost:5000/?" "Mozilla/5.0 (Windows NT 10.0; Win64; x64) AppleWebKit/537.36 (KHTML, like Gecko) Chrome/100.0.4896.127 Safari/537.36"
::1 - - [28/Apr/2022:03:42:40 +0000] "POST /app/flip/call HTTP/1.1" 200 32 "http://localhost:5000/?" "Mozilla/5.0 (Windows NT 10.0; Win64; x64) AppleWebKit/537.36 (KHTML, like Gecko) Chrome/100.0.4896.127 Safari/537.36"
::1 - - [28/Apr/2022:03:42:41 +0000] "POST /app/flip/call HTTP/1.1" 200 32 "http://localhost:5000/?" "Mozilla/5.0 (Windows NT 10.0; Win64; x64) AppleWebKit/537.36 (KHTML, like Gecko) Chrome/100.0.4896.127 Safari/537.36"
::1 - - [28/Apr/2022:03:42:41 +0000] "POST /app/flip/call HTTP/1.1" 200 32 "http://localhost:5000/?" "Mozilla/5.0 (Windows NT 10.0; Win64; x64) AppleWebKit/537.36 (KHTML, like Gecko) Chrome/100.0.4896.127 Safari/537.36"
::1 - - [28/Apr/2022:03:42:41 +0000] "POST /app/flip/call HTTP/1.1" 200 32 "http://localhost:5000/?" "Mozilla/5.0 (Windows NT 10.0; Win64; x64) AppleWebKit/537.36 (KHTML, like Gecko) Chrome/100.0.4896.127 Safari/537.36"
::1 - - [28/Apr/2022:03:42:42 +0000] "POST /app/flip/call HTTP/1.1" 200 32 "http://localhost:5000/?" "Mozilla/5.0 (Windows NT 10.0; Win64; x64) AppleWebKit/537.36 (KHTML, like Gecko) Chrome/100.0.4896.127 Safari/537.36"
::1 - - [28/Apr/2022:03:42:49 +0000] "POST /app/flip/call HTTP/1.1" 200 32 "http://localhost:5000/?" "Mozilla/5.0 (Windows NT 10.0; Win64; x64) AppleWebKit/537.36 (KHTML, like Gecko) Chrome/100.0.4896.127 Safari/537.36"
::1 - - [28/Apr/2022:03:42:51 +0000] "POST /app/flip/call HTTP/1.1" 200 32 "http://localhost:5000/?" "Mozilla/5.0 (Windows NT 10.0; Win64; x64) AppleWebKit/537.36 (KHTML, like Gecko) Chrome/100.0.4896.127 Safari/537.36"
::1 - - [28/Apr/2022:03:42:52 +0000] "POST /app/flip/call HTTP/1.1" 200 32 "http://localhost:5000/?" "Mozilla/5.0 (Windows NT 10.0; Win64; x64) AppleWebKit/537.36 (KHTML, like Gecko) Chrome/100.0.4896.127 Safari/537.36"
::1 - - [28/Apr/2022:03:44:49 +0000] "GET /app/flip/ HTTP/1.1" 304 - "http://localhost:5000/" "Mozilla/5.0 (Windows NT 10.0; Win64; x64) AppleWebKit/537.36 (KHTML, like Gecko) Chrome/100.0.4896.127 Safari/537.36"
::1 - - [28/Apr/2022:03:44:51 +0000] "POST /app/flip/coins/ HTTP/1.1" 200 89 "http://localhost:5000/" "Mozilla/5.0 (Windows NT 10.0; Win64; x64) AppleWebKit/537.36 (KHTML, like Gecko) Chrome/100.0.4896.127 Safari/537.36"
::1 - - [28/Apr/2022:03:44:55 +0000] "POST /app/flip/coins/ HTTP/1.1" 200 97 "http://localhost:5000/" "Mozilla/5.0 (Windows NT 10.0; Win64; x64) AppleWebKit/537.36 (KHTML, like Gecko) Chrome/100.0.4896.127 Safari/537.36"
::1 - - [28/Apr/2022:03:44:58 +0000] "POST /app/flip/call HTTP/1.1" 200 32 "http://localhost:5000/" "Mozilla/5.0 (Windows NT 10.0; Win64; x64) AppleWebKit/537.36 (KHTML, like Gecko) Chrome/100.0.4896.127 Safari/537.36"
::1 - - [28/Apr/2022:03:45:01 +0000] "POST /?app/flip/coins/ HTTP/1.1" 404 13 "http://localhost:5000/?" "Mozilla/5.0 (Windows NT 10.0; Win64; x64) AppleWebKit/537.36 (KHTML, like Gecko) Chrome/100.0.4896.127 Safari/537.36"
::1 - - [28/Apr/2022:03:46:06 +0000] "POST /app/flip/call HTTP/1.1" 200 32 "http://localhost:5000/?" "Mozilla/5.0 (Windows NT 10.0; Win64; x64) AppleWebKit/537.36 (KHTML, like Gecko) Chrome/100.0.4896.127 Safari/537.36"
::1 - - [28/Apr/2022:03:46:37 +0000] "POST /app/flip/call HTTP/1.1" 200 32 "http://localhost:5000/?" "Mozilla/5.0 (Windows NT 10.0; Win64; x64) AppleWebKit/537.36 (KHTML, like Gecko) Chrome/100.0.4896.127 Safari/537.36"
::1 - - [28/Apr/2022:03:46:38 +0000] "POST /app/flip/call HTTP/1.1" 200 32 "http://localhost:5000/?" "Mozilla/5.0 (Windows NT 10.0; Win64; x64) AppleWebKit/537.36 (KHTML, like Gecko) Chrome/100.0.4896.127 Safari/537.36"
::1 - - [28/Apr/2022:03:47:35 +0000] "POST /app/flip/call HTTP/1.1" 200 32 "http://localhost:5000/?" "Mozilla/5.0 (Windows NT 10.0; Win64; x64) AppleWebKit/537.36 (KHTML, like Gecko) Chrome/100.0.4896.127 Safari/537.36"
::1 - - [28/Apr/2022:03:48:49 +0000] "POST /app/flip/call HTTP/1.1" 200 42 "http://localhost:5000/?" "Mozilla/5.0 (Windows NT 10.0; Win64; x64) AppleWebKit/537.36 (KHTML, like Gecko) Chrome/100.0.4896.127 Safari/537.36"
::1 - - [28/Apr/2022:03:48:52 +0000] "POST /app/flip/call HTTP/1.1" 200 42 "http://localhost:5000/?" "Mozilla/5.0 (Windows NT 10.0; Win64; x64) AppleWebKit/537.36 (KHTML, like Gecko) Chrome/100.0.4896.127 Safari/537.36"
::1 - - [28/Apr/2022:03:48:53 +0000] "POST /app/flip/call HTTP/1.1" 200 42 "http://localhost:5000/?" "Mozilla/5.0 (Windows NT 10.0; Win64; x64) AppleWebKit/537.36 (KHTML, like Gecko) Chrome/100.0.4896.127 Safari/537.36"
::1 - - [28/Apr/2022:03:48:55 +0000] "POST /app/flip/call HTTP/1.1" 200 42 "http://localhost:5000/?" "Mozilla/5.0 (Windows NT 10.0; Win64; x64) AppleWebKit/537.36 (KHTML, like Gecko) Chrome/100.0.4896.127 Safari/537.36"
::1 - - [28/Apr/2022:03:50:52 +0000] "POST /app/flip/call HTTP/1.1" 200 47 "http://localhost:5000/?" "Mozilla/5.0 (Windows NT 10.0; Win64; x64) AppleWebKit/537.36 (KHTML, like Gecko) Chrome/100.0.4896.127 Safari/537.36"
::1 - - [28/Apr/2022:03:50:54 +0000] "POST /app/flip/call HTTP/1.1" 200 47 "http://localhost:5000/?" "Mozilla/5.0 (Windows NT 10.0; Win64; x64) AppleWebKit/537.36 (KHTML, like Gecko) Chrome/100.0.4896.127 Safari/537.36"
::1 - - [28/Apr/2022:03:51:07 +0000] "POST /app/flip/call HTTP/1.1" 200 32 "http://localhost:5000/?" "Mozilla/5.0 (Windows NT 10.0; Win64; x64) AppleWebKit/537.36 (KHTML, like Gecko) Chrome/100.0.4896.127 Safari/537.36"
::1 - - [28/Apr/2022:03:52:47 +0000] "POST /app/flip/call HTTP/1.1" 200 32 "http://localhost:5000/?" "Mozilla/5.0 (Windows NT 10.0; Win64; x64) AppleWebKit/537.36 (KHTML, like Gecko) Chrome/100.0.4896.127 Safari/537.36"
::1 - - [28/Apr/2022:03:53:35 +0000] "POST /app/flip/call HTTP/1.1" 200 32 "http://localhost:5000/?" "Mozilla/5.0 (Windows NT 10.0; Win64; x64) AppleWebKit/537.36 (KHTML, like Gecko) Chrome/100.0.4896.127 Safari/537.36"
::1 - - [28/Apr/2022:03:53:37 +0000] "POST /app/flip/call HTTP/1.1" 200 32 "http://localhost:5000/?" "Mozilla/5.0 (Windows NT 10.0; Win64; x64) AppleWebKit/537.36 (KHTML, like Gecko) Chrome/100.0.4896.127 Safari/537.36"
::1 - - [28/Apr/2022:03:54:33 +0000] "POST /app/flip/call HTTP/1.1" 200 180 "http://localhost:5000/?" "Mozilla/5.0 (Windows NT 10.0; Win64; x64) AppleWebKit/537.36 (KHTML, like Gecko) Chrome/100.0.4896.127 Safari/537.36"
::1 - - [28/Apr/2022:03:54:54 +0000] "POST /app/flip/call HTTP/1.1" 200 32 "http://localhost:5000/?" "Mozilla/5.0 (Windows NT 10.0; Win64; x64) AppleWebKit/537.36 (KHTML, like Gecko) Chrome/100.0.4896.127 Safari/537.36"
::1 - - [28/Apr/2022:03:54:56 +0000] "POST /app/flip/call HTTP/1.1" 200 32 "http://localhost:5000/?" "Mozilla/5.0 (Windows NT 10.0; Win64; x64) AppleWebKit/537.36 (KHTML, like Gecko) Chrome/100.0.4896.127 Safari/537.36"
::1 - - [28/Apr/2022:03:55:14 +0000] "POST /app/flip/call HTTP/1.1" 200 32 "http://localhost:5000/?" "Mozilla/5.0 (Windows NT 10.0; Win64; x64) AppleWebKit/537.36 (KHTML, like Gecko) Chrome/100.0.4896.127 Safari/537.36"
::1 - - [28/Apr/2022:03:55:16 +0000] "POST /app/flip/call HTTP/1.1" 200 32 "http://localhost:5000/?" "Mozilla/5.0 (Windows NT 10.0; Win64; x64) AppleWebKit/537.36 (KHTML, like Gecko) Chrome/100.0.4896.127 Safari/537.36"
::1 - - [28/Apr/2022:03:58:07 +0000] "POST /app/flip/call HTTP/1.1" 200 58 "http://localhost:5000/?" "Mozilla/5.0 (Windows NT 10.0; Win64; x64) AppleWebKit/537.36 (KHTML, like Gecko) Chrome/100.0.4896.127 Safari/537.36"
::1 - - [28/Apr/2022:03:58:13 +0000] "POST /app/flip/call HTTP/1.1" 200 58 "http://localhost:5000/?" "Mozilla/5.0 (Windows NT 10.0; Win64; x64) AppleWebKit/537.36 (KHTML, like Gecko) Chrome/100.0.4896.127 Safari/537.36"
::1 - - [28/Apr/2022:03:58:54 +0000] "POST /app/flip/call HTTP/1.1" 200 32 "http://localhost:5000/?" "Mozilla/5.0 (Windows NT 10.0; Win64; x64) AppleWebKit/537.36 (KHTML, like Gecko) Chrome/100.0.4896.127 Safari/537.36"
::1 - - [28/Apr/2022:03:58:56 +0000] "POST /app/flip/call HTTP/1.1" 200 32 "http://localhost:5000/?" "Mozilla/5.0 (Windows NT 10.0; Win64; x64) AppleWebKit/537.36 (KHTML, like Gecko) Chrome/100.0.4896.127 Safari/537.36"
::1 - - [28/Apr/2022:04:00:31 +0000] "POST /app/flip/call HTTP/1.1" 200 42 "http://localhost:5000/?" "Mozilla/5.0 (Windows NT 10.0; Win64; x64) AppleWebKit/537.36 (KHTML, like Gecko) Chrome/100.0.4896.127 Safari/537.36"
::1 - - [28/Apr/2022:04:04:40 +0000] "POST /app/flip/coins/ HTTP/1.1" 200 65 "http://localhost:5000/" "Mozilla/5.0 (Windows NT 10.0; Win64; x64) AppleWebKit/537.36 (KHTML, like Gecko) Chrome/100.0.4896.127 Safari/537.36"
::1 - - [28/Apr/2022:04:04:42 +0000] "GET /app/flip/ HTTP/1.1" 304 - "http://localhost:5000/" "Mozilla/5.0 (Windows NT 10.0; Win64; x64) AppleWebKit/537.36 (KHTML, like Gecko) Chrome/100.0.4896.127 Safari/537.36"
::1 - - [28/Apr/2022:04:08:59 +0000] "POST /app/flip/call HTTP/1.1" 200 32 "http://localhost:5000/?" "Mozilla/5.0 (Windows NT 10.0; Win64; x64) AppleWebKit/537.36 (KHTML, like Gecko) Chrome/100.0.4896.127 Safari/537.36"
::1 - - [28/Apr/2022:04:09:18 +0000] "POST /app/flip/call HTTP/1.1" 200 32 "http://localhost:5000/?" "Mozilla/5.0 (Windows NT 10.0; Win64; x64) AppleWebKit/537.36 (KHTML, like Gecko) Chrome/100.0.4896.127 Safari/537.36"
::1 - - [28/Apr/2022:04:10:29 +0000] "POST /app/flip/call HTTP/1.1" 200 58 "http://localhost:5000/?" "Mozilla/5.0 (Windows NT 10.0; Win64; x64) AppleWebKit/537.36 (KHTML, like Gecko) Chrome/100.0.4896.127 Safari/537.36"
::1 - - [28/Apr/2022:04:12:37 +0000] "POST /app/flip/call HTTP/1.1" 200 42 "http://localhost:5000/?" "Mozilla/5.0 (Windows NT 10.0; Win64; x64) AppleWebKit/537.36 (KHTML, like Gecko) Chrome/100.0.4896.127 Safari/537.36"
::1 - - [28/Apr/2022:04:17:48 +0000] "POST /app/flip/call HTTP/1.1" 200 46 "http://localhost:5000/?" "Mozilla/5.0 (Windows NT 10.0; Win64; x64) AppleWebKit/537.36 (KHTML, like Gecko) Chrome/100.0.4896.127 Safari/537.36"
::1 - - [28/Apr/2022:04:18:12 +0000] "POST /app/flip/call HTTP/1.1" 200 46 "http://localhost:5000/?" "Mozilla/5.0 (Windows NT 10.0; Win64; x64) AppleWebKit/537.36 (KHTML, like Gecko) Chrome/100.0.4896.127 Safari/537.36"
::1 - - [28/Apr/2022:04:18:14 +0000] "POST /app/flip/call HTTP/1.1" 200 46 "http://localhost:5000/?" "Mozilla/5.0 (Windows NT 10.0; Win64; x64) AppleWebKit/537.36 (KHTML, like Gecko) Chrome/100.0.4896.127 Safari/537.36"
::1 - - [28/Apr/2022:04:18:14 +0000] "POST /app/flip/call HTTP/1.1" 200 46 "http://localhost:5000/?" "Mozilla/5.0 (Windows NT 10.0; Win64; x64) AppleWebKit/537.36 (KHTML, like Gecko) Chrome/100.0.4896.127 Safari/537.36"
::1 - - [28/Apr/2022:04:18:15 +0000] "POST /app/flip/call HTTP/1.1" 200 47 "http://localhost:5000/?" "Mozilla/5.0 (Windows NT 10.0; Win64; x64) AppleWebKit/537.36 (KHTML, like Gecko) Chrome/100.0.4896.127 Safari/537.36"
::1 - - [28/Apr/2022:04:18:15 +0000] "POST /app/flip/call HTTP/1.1" 200 47 "http://localhost:5000/?" "Mozilla/5.0 (Windows NT 10.0; Win64; x64) AppleWebKit/537.36 (KHTML, like Gecko) Chrome/100.0.4896.127 Safari/537.36"
::1 - - [28/Apr/2022:04:18:15 +0000] "POST /app/flip/call HTTP/1.1" 200 46 "http://localhost:5000/?" "Mozilla/5.0 (Windows NT 10.0; Win64; x64) AppleWebKit/537.36 (KHTML, like Gecko) Chrome/100.0.4896.127 Safari/537.36"
::1 - - [28/Apr/2022:04:18:15 +0000] "POST /app/flip/call HTTP/1.1" 200 46 "http://localhost:5000/?" "Mozilla/5.0 (Windows NT 10.0; Win64; x64) AppleWebKit/537.36 (KHTML, like Gecko) Chrome/100.0.4896.127 Safari/537.36"
::1 - - [28/Apr/2022:04:18:15 +0000] "POST /app/flip/call HTTP/1.1" 200 46 "http://localhost:5000/?" "Mozilla/5.0 (Windows NT 10.0; Win64; x64) AppleWebKit/537.36 (KHTML, like Gecko) Chrome/100.0.4896.127 Safari/537.36"
::1 - - [28/Apr/2022:04:18:46 +0000] "POST /app/flip/call HTTP/1.1" 200 47 "http://localhost:5000/?" "Mozilla/5.0 (Windows NT 10.0; Win64; x64) AppleWebKit/537.36 (KHTML, like Gecko) Chrome/100.0.4896.127 Safari/537.36"
::1 - - [28/Apr/2022:04:18:46 +0000] "POST /app/flip/call HTTP/1.1" 200 47 "http://localhost:5000/?" "Mozilla/5.0 (Windows NT 10.0; Win64; x64) AppleWebKit/537.36 (KHTML, like Gecko) Chrome/100.0.4896.127 Safari/537.36"
::1 - - [28/Apr/2022:04:19:21 +0000] "POST /app/flip/call HTTP/1.1" 200 46 "http://localhost:5000/?" "Mozilla/5.0 (Windows NT 10.0; Win64; x64) AppleWebKit/537.36 (KHTML, like Gecko) Chrome/100.0.4896.127 Safari/537.36"
::1 - - [28/Apr/2022:04:19:21 +0000] "POST /app/flip/call HTTP/1.1" 200 47 "http://localhost:5000/?" "Mozilla/5.0 (Windows NT 10.0; Win64; x64) AppleWebKit/537.36 (KHTML, like Gecko) Chrome/100.0.4896.127 Safari/537.36"
::1 - - [28/Apr/2022:04:19:22 +0000] "POST /app/flip/call HTTP/1.1" 200 47 "http://localhost:5000/?" "Mozilla/5.0 (Windows NT 10.0; Win64; x64) AppleWebKit/537.36 (KHTML, like Gecko) Chrome/100.0.4896.127 Safari/537.36"
::1 - - [28/Apr/2022:04:19:22 +0000] "POST /app/flip/call HTTP/1.1" 200 46 "http://localhost:5000/?" "Mozilla/5.0 (Windows NT 10.0; Win64; x64) AppleWebKit/537.36 (KHTML, like Gecko) Chrome/100.0.4896.127 Safari/537.36"
::1 - - [28/Apr/2022:04:19:22 +0000] "POST /app/flip/call HTTP/1.1" 200 46 "http://localhost:5000/?" "Mozilla/5.0 (Windows NT 10.0; Win64; x64) AppleWebKit/537.36 (KHTML, like Gecko) Chrome/100.0.4896.127 Safari/537.36"
::1 - - [28/Apr/2022:04:19:22 +0000] "POST /app/flip/call HTTP/1.1" 200 47 "http://localhost:5000/?" "Mozilla/5.0 (Windows NT 10.0; Win64; x64) AppleWebKit/537.36 (KHTML, like Gecko) Chrome/100.0.4896.127 Safari/537.36"
::1 - - [28/Apr/2022:04:19:22 +0000] "POST /app/flip/call HTTP/1.1" 200 46 "http://localhost:5000/?" "Mozilla/5.0 (Windows NT 10.0; Win64; x64) AppleWebKit/537.36 (KHTML, like Gecko) Chrome/100.0.4896.127 Safari/537.36"
::1 - - [28/Apr/2022:04:19:22 +0000] "POST /app/flip/call HTTP/1.1" 200 46 "http://localhost:5000/?" "Mozilla/5.0 (Windows NT 10.0; Win64; x64) AppleWebKit/537.36 (KHTML, like Gecko) Chrome/100.0.4896.127 Safari/537.36"
::1 - - [28/Apr/2022:04:19:26 +0000] "POST /?app/flip/coins/ HTTP/1.1" 404 13 "http://localhost:5000/?" "Mozilla/5.0 (Windows NT 10.0; Win64; x64) AppleWebKit/537.36 (KHTML, like Gecko) Chrome/100.0.4896.127 Safari/537.36"
::1 - - [28/Apr/2022:04:19:44 +0000] "GET /app/flip/ HTTP/1.1" 304 - "http://localhost:5000/" "Mozilla/5.0 (Windows NT 10.0; Win64; x64) AppleWebKit/537.36 (KHTML, like Gecko) Chrome/100.0.4896.127 Safari/537.36"
::1 - - [28/Apr/2022:04:19:48 +0000] "POST /app/flip/coins/ HTTP/1.1" 200 65 "http://localhost:5000/" "Mozilla/5.0 (Windows NT 10.0; Win64; x64) AppleWebKit/537.36 (KHTML, like Gecko) Chrome/100.0.4896.127 Safari/537.36"
::1 - - [28/Apr/2022:04:19:51 +0000] "POST /app/flip/coins/ HTTP/1.1" 200 315 "http://localhost:5000/" "Mozilla/5.0 (Windows NT 10.0; Win64; x64) AppleWebKit/537.36 (KHTML, like Gecko) Chrome/100.0.4896.127 Safari/537.36"
::1 - - [28/Apr/2022:04:19:53 +0000] "POST /app/flip/call HTTP/1.1" 200 46 "http://localhost:5000/" "Mozilla/5.0 (Windows NT 10.0; Win64; x64) AppleWebKit/537.36 (KHTML, like Gecko) Chrome/100.0.4896.127 Safari/537.36"
::1 - - [28/Apr/2022:04:19:54 +0000] "POST /app/flip/call HTTP/1.1" 200 46 "http://localhost:5000/" "Mozilla/5.0 (Windows NT 10.0; Win64; x64) AppleWebKit/537.36 (KHTML, like Gecko) Chrome/100.0.4896.127 Safari/537.36"
::1 - - [28/Apr/2022:04:19:55 +0000] "POST /app/flip/coins/ HTTP/1.1" 200 315 "http://localhost:5000/" "Mozilla/5.0 (Windows NT 10.0; Win64; x64) AppleWebKit/537.36 (KHTML, like Gecko) Chrome/100.0.4896.127 Safari/537.36"
::1 - - [28/Apr/2022:04:19:57 +0000] "GET /app/flip/ HTTP/1.1" 200 16 "http://localhost:5000/" "Mozilla/5.0 (Windows NT 10.0; Win64; x64) AppleWebKit/537.36 (KHTML, like Gecko) Chrome/100.0.4896.127 Safari/537.36"
::1 - - [28/Apr/2022:04:20:00 +0000] "POST /app/flip/call HTTP/1.1" 200 47 "http://localhost:5000/" "Mozilla/5.0 (Windows NT 10.0; Win64; x64) AppleWebKit/537.36 (KHTML, like Gecko) Chrome/100.0.4896.127 Safari/537.36"
::1 - - [28/Apr/2022:04:20:00 +0000] "POST /app/flip/call HTTP/1.1" 200 47 "http://localhost:5000/" "Mozilla/5.0 (Windows NT 10.0; Win64; x64) AppleWebKit/537.36 (KHTML, like Gecko) Chrome/100.0.4896.127 Safari/537.36"
::1 - - [28/Apr/2022:04:20:01 +0000] "POST /app/flip/coins/ HTTP/1.1" 200 315 "http://localhost:5000/" "Mozilla/5.0 (Windows NT 10.0; Win64; x64) AppleWebKit/537.36 (KHTML, like Gecko) Chrome/100.0.4896.127 Safari/537.36"
::1 - - [28/Apr/2022:04:20:02 +0000] "POST /app/flip/coins/ HTTP/1.1" 200 315 "http://localhost:5000/" "Mozilla/5.0 (Windows NT 10.0; Win64; x64) AppleWebKit/537.36 (KHTML, like Gecko) Chrome/100.0.4896.127 Safari/537.36"
::1 - - [28/Apr/2022:04:20:03 +0000] "GET /app/flip/ HTTP/1.1" 200 16 "http://localhost:5000/" "Mozilla/5.0 (Windows NT 10.0; Win64; x64) AppleWebKit/537.36 (KHTML, like Gecko) Chrome/100.0.4896.127 Safari/537.36"
::1 - - [28/Apr/2022:04:20:03 +0000] "GET /app/flip/ HTTP/1.1" 304 - "http://localhost:5000/" "Mozilla/5.0 (Windows NT 10.0; Win64; x64) AppleWebKit/537.36 (KHTML, like Gecko) Chrome/100.0.4896.127 Safari/537.36"
::1 - - [28/Apr/2022:04:20:04 +0000] "POST /app/flip/coins/ HTTP/1.1" 200 315 "http://localhost:5000/" "Mozilla/5.0 (Windows NT 10.0; Win64; x64) AppleWebKit/537.36 (KHTML, like Gecko) Chrome/100.0.4896.127 Safari/537.36"
::1 - - [28/Apr/2022:04:20:05 +0000] "POST /app/flip/coins/ HTTP/1.1" 200 315 "http://localhost:5000/" "Mozilla/5.0 (Windows NT 10.0; Win64; x64) AppleWebKit/537.36 (KHTML, like Gecko) Chrome/100.0.4896.127 Safari/537.36"
::1 - - [28/Apr/2022:04:20:05 +0000] "POST /app/flip/coins/ HTTP/1.1" 200 315 "http://localhost:5000/" "Mozilla/5.0 (Windows NT 10.0; Win64; x64) AppleWebKit/537.36 (KHTML, like Gecko) Chrome/100.0.4896.127 Safari/537.36"
::1 - - [28/Apr/2022:04:20:07 +0000] "POST /app/flip/coins/ HTTP/1.1" 200 315 "http://localhost:5000/" "Mozilla/5.0 (Windows NT 10.0; Win64; x64) AppleWebKit/537.36 (KHTML, like Gecko) Chrome/100.0.4896.127 Safari/537.36"
::1 - - [28/Apr/2022:04:48:04 +0000] "GET /app/flip/ HTTP/1.1" 200 16 "http://localhost:5000/" "Mozilla/5.0 (Windows NT 10.0; Win64; x64) AppleWebKit/537.36 (KHTML, like Gecko) Chrome/100.0.4896.127 Safari/537.36"
::1 - - [28/Apr/2022:04:48:04 +0000] "GET /app/flip/ HTTP/1.1" 304 - "http://localhost:5000/" "Mozilla/5.0 (Windows NT 10.0; Win64; x64) AppleWebKit/537.36 (KHTML, like Gecko) Chrome/100.0.4896.127 Safari/537.36"
::1 - - [28/Apr/2022:04:48:04 +0000] "GET /app/flip/ HTTP/1.1" 304 - "http://localhost:5000/" "Mozilla/5.0 (Windows NT 10.0; Win64; x64) AppleWebKit/537.36 (KHTML, like Gecko) Chrome/100.0.4896.127 Safari/537.36"
::1 - - [28/Apr/2022:04:52:02 +0000] "GET /app/flip/ HTTP/1.1" 200 16 "http://localhost:5000/" "Mozilla/5.0 (Windows NT 10.0; Win64; x64) AppleWebKit/537.36 (KHTML, like Gecko) Chrome/100.0.4896.127 Safari/537.36"
::1 - - [28/Apr/2022:04:52:05 +0000] "POST /app/flip/coins/ HTTP/1.1" 200 73 "http://localhost:5000/" "Mozilla/5.0 (Windows NT 10.0; Win64; x64) AppleWebKit/537.36 (KHTML, like Gecko) Chrome/100.0.4896.127 Safari/537.36"
::1 - - [28/Apr/2022:04:52:08 +0000] "POST /app/flip/call HTTP/1.1" 200 46 "http://localhost:5000/" "Mozilla/5.0 (Windows NT 10.0; Win64; x64) AppleWebKit/537.36 (KHTML, like Gecko) Chrome/100.0.4896.127 Safari/537.36"
::1 - - [28/Apr/2022:04:52:09 +0000] "POST /app/flip/call HTTP/1.1" 200 47 "http://localhost:5000/" "Mozilla/5.0 (Windows NT 10.0; Win64; x64) AppleWebKit/537.36 (KHTML, like Gecko) Chrome/100.0.4896.127 Safari/537.36"
::1 - - [28/Apr/2022:04:52:10 +0000] "POST /app/flip/call HTTP/1.1" 200 47 "http://localhost:5000/" "Mozilla/5.0 (Windows NT 10.0; Win64; x64) AppleWebKit/537.36 (KHTML, like Gecko) Chrome/100.0.4896.127 Safari/537.36"
::1 - - [28/Apr/2022:04:52:11 +0000] "POST /app/flip/call HTTP/1.1" 200 46 "http://localhost:5000/" "Mozilla/5.0 (Windows NT 10.0; Win64; x64) AppleWebKit/537.36 (KHTML, like Gecko) Chrome/100.0.4896.127 Safari/537.36"
::1 - - [28/Apr/2022:04:52:50 +0000] "POST /app/flip/call HTTP/1.1" 200 47 "http://localhost:5000/" "Mozilla/5.0 (Windows NT 10.0; Win64; x64) AppleWebKit/537.36 (KHTML, like Gecko) Chrome/100.0.4896.127 Safari/537.36"
::1 - - [28/Apr/2022:04:52:51 +0000] "POST /app/flip/call HTTP/1.1" 200 47 "http://localhost:5000/" "Mozilla/5.0 (Windows NT 10.0; Win64; x64) AppleWebKit/537.36 (KHTML, like Gecko) Chrome/100.0.4896.127 Safari/537.36"
::1 - - [28/Apr/2022:04:53:01 +0000] "POST /app/flip/call HTTP/1.1" 200 47 "http://localhost:5000/" "Mozilla/5.0 (Windows NT 10.0; Win64; x64) AppleWebKit/537.36 (KHTML, like Gecko) Chrome/100.0.4896.127 Safari/537.36"
::1 - - [28/Apr/2022:04:53:02 +0000] "POST /app/flip/call HTTP/1.1" 200 47 "http://localhost:5000/" "Mozilla/5.0 (Windows NT 10.0; Win64; x64) AppleWebKit/537.36 (KHTML, like Gecko) Chrome/100.0.4896.127 Safari/537.36"
::1 - - [28/Apr/2022:04:53:03 +0000] "POST /app/flip/call HTTP/1.1" 200 46 "http://localhost:5000/" "Mozilla/5.0 (Windows NT 10.0; Win64; x64) AppleWebKit/537.36 (KHTML, like Gecko) Chrome/100.0.4896.127 Safari/537.36"
::1 - - [28/Apr/2022:04:53:04 +0000] "POST /app/flip/call HTTP/1.1" 200 46 "http://localhost:5000/" "Mozilla/5.0 (Windows NT 10.0; Win64; x64) AppleWebKit/537.36 (KHTML, like Gecko) Chrome/100.0.4896.127 Safari/537.36"
::1 - - [28/Apr/2022:04:53:42 +0000] "POST /app/flip/coins/ HTTP/1.1" 200 89 "http://localhost:5000/" "Mozilla/5.0 (Windows NT 10.0; Win64; x64) AppleWebKit/537.36 (KHTML, like Gecko) Chrome/100.0.4896.127 Safari/537.36"
::1 - - [28/Apr/2022:04:55:38 +0000] "POST /app/flip/call HTTP/1.1" 200 46 "http://localhost:5000/" "Mozilla/5.0 (Windows NT 10.0; Win64; x64) AppleWebKit/537.36 (KHTML, like Gecko) Chrome/100.0.4896.127 Safari/537.36"
::1 - - [28/Apr/2022:04:55:40 +0000] "POST /app/flip/call HTTP/1.1" 200 47 "http://localhost:5000/" "Mozilla/5.0 (Windows NT 10.0; Win64; x64) AppleWebKit/537.36 (KHTML, like Gecko) Chrome/100.0.4896.127 Safari/537.36"
::1 - - [28/Apr/2022:04:55:41 +0000] "POST /app/flip/call HTTP/1.1" 200 46 "http://localhost:5000/" "Mozilla/5.0 (Windows NT 10.0; Win64; x64) AppleWebKit/537.36 (KHTML, like Gecko) Chrome/100.0.4896.127 Safari/537.36"
::1 - - [28/Apr/2022:04:55:41 +0000] "POST /app/flip/call HTTP/1.1" 200 47 "http://localhost:5000/" "Mozilla/5.0 (Windows NT 10.0; Win64; x64) AppleWebKit/537.36 (KHTML, like Gecko) Chrome/100.0.4896.127 Safari/537.36"
::1 - - [28/Apr/2022:04:55:45 +0000] "POST /app/flip/coins/ HTTP/1.1" 200 219 "http://localhost:5000/" "Mozilla/5.0 (Windows NT 10.0; Win64; x64) AppleWebKit/537.36 (KHTML, like Gecko) Chrome/100.0.4896.127 Safari/537.36"
::1 - - [28/Apr/2022:04:55:48 +0000] "GET /app/flip/ HTTP/1.1" 304 - "http://localhost:5000/" "Mozilla/5.0 (Windows NT 10.0; Win64; x64) AppleWebKit/537.36 (KHTML, like Gecko) Chrome/100.0.4896.127 Safari/537.36"
::1 - - [28/Apr/2022:04:55:48 +0000] "GET /app/flip/ HTTP/1.1" 304 - "http://localhost:5000/" "Mozilla/5.0 (Windows NT 10.0; Win64; x64) AppleWebKit/537.36 (KHTML, like Gecko) Chrome/100.0.4896.127 Safari/537.36"
::1 - - [28/Apr/2022:04:55:49 +0000] "GET /app/flip/ HTTP/1.1" 200 16 "http://localhost:5000/" "Mozilla/5.0 (Windows NT 10.0; Win64; x64) AppleWebKit/537.36 (KHTML, like Gecko) Chrome/100.0.4896.127 Safari/537.36"
::1 - - [28/Apr/2022:04:58:18 +0000] "POST /app/flip/call HTTP/1.1" 200 47 "http://localhost:5000/" "Mozilla/5.0 (Windows NT 10.0; Win64; x64) AppleWebKit/537.36 (KHTML, like Gecko) Chrome/100.0.4896.127 Safari/537.36"
::1 - - [28/Apr/2022:04:58:18 +0000] "POST /app/flip/call HTTP/1.1" 200 47 "http://localhost:5000/" "Mozilla/5.0 (Windows NT 10.0; Win64; x64) AppleWebKit/537.36 (KHTML, like Gecko) Chrome/100.0.4896.127 Safari/537.36"
::1 - - [28/Apr/2022:04:58:19 +0000] "POST /app/flip/call HTTP/1.1" 200 46 "http://localhost:5000/" "Mozilla/5.0 (Windows NT 10.0; Win64; x64) AppleWebKit/537.36 (KHTML, like Gecko) Chrome/100.0.4896.127 Safari/537.36"
::1 - - [28/Apr/2022:04:58:19 +0000] "POST /app/flip/call HTTP/1.1" 200 46 "http://localhost:5000/" "Mozilla/5.0 (Windows NT 10.0; Win64; x64) AppleWebKit/537.36 (KHTML, like Gecko) Chrome/100.0.4896.127 Safari/537.36"
::1 - - [28/Apr/2022:04:58:20 +0000] "POST /app/flip/call HTTP/1.1" 200 47 "http://localhost:5000/" "Mozilla/5.0 (Windows NT 10.0; Win64; x64) AppleWebKit/537.36 (KHTML, like Gecko) Chrome/100.0.4896.127 Safari/537.36"
::1 - - [28/Apr/2022:04:58:20 +0000] "POST /app/flip/call HTTP/1.1" 200 47 "http://localhost:5000/" "Mozilla/5.0 (Windows NT 10.0; Win64; x64) AppleWebKit/537.36 (KHTML, like Gecko) Chrome/100.0.4896.127 Safari/537.36"
::1 - - [28/Apr/2022:04:58:23 +0000] "POST /app/flip/coins/ HTTP/1.1" 200 137 "http://localhost:5000/" "Mozilla/5.0 (Windows NT 10.0; Win64; x64) AppleWebKit/537.36 (KHTML, like Gecko) Chrome/100.0.4896.127 Safari/537.36"
::1 - - [28/Apr/2022:04:58:25 +0000] "GET /app/flip/ HTTP/1.1" 304 - "http://localhost:5000/" "Mozilla/5.0 (Windows NT 10.0; Win64; x64) AppleWebKit/537.36 (KHTML, like Gecko) Chrome/100.0.4896.127 Safari/537.36"
::1 - - [28/Apr/2022:04:58:26 +0000] "GET /app/flip/ HTTP/1.1" 304 - "http://localhost:5000/" "Mozilla/5.0 (Windows NT 10.0; Win64; x64) AppleWebKit/537.36 (KHTML, like Gecko) Chrome/100.0.4896.127 Safari/537.36"
::1 - - [28/Apr/2022:04:58:26 +0000] "GET /app/flip/ HTTP/1.1" 200 16 "http://localhost:5000/" "Mozilla/5.0 (Windows NT 10.0; Win64; x64) AppleWebKit/537.36 (KHTML, like Gecko) Chrome/100.0.4896.127 Safari/537.36"
::1 - - [28/Apr/2022:04:58:26 +0000] "GET /app/flip/ HTTP/1.1" 200 16 "http://localhost:5000/" "Mozilla/5.0 (Windows NT 10.0; Win64; x64) AppleWebKit/537.36 (KHTML, like Gecko) Chrome/100.0.4896.127 Safari/537.36"
::1 - - [28/Apr/2022:15:00:24 +0000] "POST /app/flip/call HTTP/1.1" 200 47 "http://localhost:5000/" "Mozilla/5.0 (Windows NT 10.0; Win64; x64) AppleWebKit/537.36 (KHTML, like Gecko) Chrome/100.0.4896.127 Safari/537.36"
::1 - - [28/Apr/2022:15:00:25 +0000] "POST /app/flip/call HTTP/1.1" 200 47 "http://localhost:5000/" "Mozilla/5.0 (Windows NT 10.0; Win64; x64) AppleWebKit/537.36 (KHTML, like Gecko) Chrome/100.0.4896.127 Safari/537.36"
::1 - - [28/Apr/2022:15:00:25 +0000] "POST /app/flip/call HTTP/1.1" 200 47 "http://localhost:5000/" "Mozilla/5.0 (Windows NT 10.0; Win64; x64) AppleWebKit/537.36 (KHTML, like Gecko) Chrome/100.0.4896.127 Safari/537.36"
::1 - - [28/Apr/2022:15:00:26 +0000] "POST /app/flip/call HTTP/1.1" 200 46 "http://localhost:5000/" "Mozilla/5.0 (Windows NT 10.0; Win64; x64) AppleWebKit/537.36 (KHTML, like Gecko) Chrome/100.0.4896.127 Safari/537.36"
::1 - - [28/Apr/2022:15:00:48 +0000] "POST /app/flip/call HTTP/1.1" 200 47 "http://localhost:5000/" "Mozilla/5.0 (Windows NT 10.0; Win64; x64) AppleWebKit/537.36 (KHTML, like Gecko) Chrome/100.0.4896.127 Safari/537.36"
::1 - - [28/Apr/2022:15:00:49 +0000] "POST /app/flip/call HTTP/1.1" 200 46 "http://localhost:5000/" "Mozilla/5.0 (Windows NT 10.0; Win64; x64) AppleWebKit/537.36 (KHTML, like Gecko) Chrome/100.0.4896.127 Safari/537.36"
::1 - - [28/Apr/2022:15:00:50 +0000] "POST /app/flip/call HTTP/1.1" 200 47 "http://localhost:5000/" "Mozilla/5.0 (Windows NT 10.0; Win64; x64) AppleWebKit/537.36 (KHTML, like Gecko) Chrome/100.0.4896.127 Safari/537.36"
::1 - - [28/Apr/2022:15:02:14 +0000] "POST /app/flip/call HTTP/1.1" 200 47 "http://localhost:5000/" "Mozilla/5.0 (Windows NT 10.0; Win64; x64) AppleWebKit/537.36 (KHTML, like Gecko) Chrome/100.0.4896.127 Safari/537.36"
::1 - - [28/Apr/2022:15:02:15 +0000] "POST /app/flip/call HTTP/1.1" 200 46 "http://localhost:5000/" "Mozilla/5.0 (Windows NT 10.0; Win64; x64) AppleWebKit/537.36 (KHTML, like Gecko) Chrome/100.0.4896.127 Safari/537.36"
